2022-11-08 16:21:09 Error: [Cake\View\Exception\MissingLayoutException] Layout file "Layout\login.ctp" is missing. (C:\wamp64\www\manos_barber\vendor\cakephp\cakephp\src\View\View.php:1699)
Exception Attributes: array (
  'file' => 'Layout\\login.ctp',
)
#0 C:\wamp64\www\manos_barber\vendor\cakephp\cakephp\src\View\View.php(921): Cake\View\View->_getLayoutFileName('login')
#1 C:\wamp64\www\manos_barber\vendor\cakephp\cakephp\src\View\View.php(897): Cake\View\View->renderLayout('', 'login')
#2 C:\wamp64\www\manos_barber\vendor\cakephp\cakephp\src\Controller\Controller.php(791): Cake\View\View->render(NULL, NULL)
#3 C:\wamp64\www\manos_barber\vendor\cakephp\cakephp\src\Http\ActionDispatcher.php(126): Cake\Controller\Controller->render()
#4 C:\wamp64\www\manos_barber\vendor\cakephp\cakephp\src\Http\ActionDispatcher.php(94): Cake\Http\ActionDispatcher->_invoke(Object(App\Controller\UsersController))
#5 C:\wamp64\www\manos_barber\vendor\cakephp\cakephp\src\Http\BaseApplication.php(256): Cake\Http\ActionDispatcher->dispatch(Object(Cake\Http\ServerRequest), Object(Cake\Http\Response))
#6 C:\wamp64\www\manos_barber\vendor\cakephp\cakephp\src\Http\Runner.php(65): Cake\Http\BaseApplication->__invoke(Object(Cake\Http\ServerRequest), Object(Cake\Http\Response), Object(Cake\Http\Runner))
#7 C:\wamp64\www\manos_barber\vendor\cakephp\cakephp\src\Http\Runner.php(65): Cake\Http\Runner->__invoke(Object(Cake\Http\ServerRequest), Object(Cake\Http\Response), Object(Cake\Http\Runner))
#8 C:\wamp64\www\manos_barber\vendor\cakephp\cakephp\src\Http\Middleware\CsrfProtectionMiddleware.php(137): Cake\Http\Runner->__invoke(Object(Cake\Http\ServerRequest), Object(Cake\Http\Response))
#9 C:\wamp64\www\manos_barber\vendor\cakephp\cakephp\src\Http\Runner.php(65): Cake\Http\Middleware\CsrfProtectionMiddleware->__invoke(Object(Cake\Http\ServerRequest), Object(Cake\Http\Response), Object(Cake\Http\Runner))
#10 C:\wamp64\www\manos_barber\vendor\cakephp\cakephp\src\Http\Runner.php(51): Cake\Http\Runner->__invoke(Object(Cake\Http\ServerRequest), Object(Cake\Http\Response))
#11 C:\wamp64\www\manos_barber\vendor\cakephp\cakephp\src\Routing\Middleware\RoutingMiddleware.php(170): Cake\Http\Runner->run(Object(Cake\Http\MiddlewareQueue), Object(Cake\Http\ServerRequest), Object(Cake\Http\Response))
#12 C:\wamp64\www\manos_barber\vendor\cakephp\cakephp\src\Http\Runner.php(65): Cake\Routing\Middleware\RoutingMiddleware->__invoke(Object(Cake\Http\ServerRequest), Object(Cake\Http\Response), Object(Cake\Http\Runner))
#13 C:\wamp64\www\manos_barber\vendor\cakephp\cakephp\src\Routing\Middleware\AssetMiddleware.php(88): Cake\Http\Runner->__invoke(Object(Cake\Http\ServerRequest), Object(Cake\Http\Response))
#14 C:\wamp64\www\manos_barber\vendor\cakephp\cakephp\src\Http\Runner.php(65): Cake\Routing\Middleware\AssetMiddleware->__invoke(Object(Cake\Http\ServerRequest), Object(Cake\Http\Response), Object(Cake\Http\Runner))
#15 C:\wamp64\www\manos_barber\vendor\cakephp\cakephp\src\Error\Middleware\ErrorHandlerMiddleware.php(100): Cake\Http\Runner->__invoke(Object(Cake\Http\ServerRequest), Object(Cake\Http\Response))
#16 C:\wamp64\www\manos_barber\vendor\cakephp\cakephp\src\Http\Runner.php(65): Cake\Error\Middleware\ErrorHandlerMiddleware->__invoke(Object(Cake\Http\ServerRequest), Object(Cake\Http\Response), Object(Cake\Http\Runner))
#17 C:\wamp64\www\manos_barber\vendor\cakephp\debug_kit\src\Middleware\DebugKitMiddleware.php(53): Cake\Http\Runner->__invoke(Object(Cake\Http\ServerRequest), Object(Cake\Http\Response))
#18 C:\wamp64\www\manos_barber\vendor\cakephp\cakephp\src\Http\Runner.php(65): DebugKit\Middleware\DebugKitMiddleware->__invoke(Object(Cake\Http\ServerRequest), Object(Cake\Http\Response), Object(Cake\Http\Runner))
#19 C:\wamp64\www\manos_barber\vendor\cakephp\cakephp\src\Http\Runner.php(51): Cake\Http\Runner->__invoke(Object(Cake\Http\ServerRequest), Object(Cake\Http\Response))
#20 C:\wamp64\www\manos_barber\vendor\cakephp\cakephp\src\Http\Server.php(97): Cake\Http\Runner->run(Object(Cake\Http\MiddlewareQueue), Object(Cake\Http\ServerRequest), Object(Cake\Http\Response))
#21 C:\wamp64\www\manos_barber\webroot\index.php(40): Cake\Http\Server->run()
#22 {main}
Request URL: /users/login?redirect=%2Froles
Referer URL: http://localhost/manos_barber/roles/add


2022-11-08 16:22:23 Error: [Cake\View\Exception\MissingLayoutException] Layout file "Layout\login.ctp" is missing. (C:\wamp64\www\manos_barber\vendor\cakephp\cakephp\src\View\View.php:1699)
Exception Attributes: array (
  'file' => 'Layout\\login.ctp',
)
#0 C:\wamp64\www\manos_barber\vendor\cakephp\cakephp\src\View\View.php(921): Cake\View\View->_getLayoutFileName('login')
#1 C:\wamp64\www\manos_barber\vendor\cakephp\cakephp\src\View\View.php(897): Cake\View\View->renderLayout('', 'login')
#2 C:\wamp64\www\manos_barber\vendor\cakephp\cakephp\src\Controller\Controller.php(791): Cake\View\View->render(NULL, NULL)
#3 C:\wamp64\www\manos_barber\vendor\cakephp\cakephp\src\Http\ActionDispatcher.php(126): Cake\Controller\Controller->render()
#4 C:\wamp64\www\manos_barber\vendor\cakephp\cakephp\src\Http\ActionDispatcher.php(94): Cake\Http\ActionDispatcher->_invoke(Object(App\Controller\UsersController))
#5 C:\wamp64\www\manos_barber\vendor\cakephp\cakephp\src\Http\BaseApplication.php(256): Cake\Http\ActionDispatcher->dispatch(Object(Cake\Http\ServerRequest), Object(Cake\Http\Response))
#6 C:\wamp64\www\manos_barber\vendor\cakephp\cakephp\src\Http\Runner.php(65): Cake\Http\BaseApplication->__invoke(Object(Cake\Http\ServerRequest), Object(Cake\Http\Response), Object(Cake\Http\Runner))
#7 C:\wamp64\www\manos_barber\vendor\cakephp\cakephp\src\Http\Runner.php(65): Cake\Http\Runner->__invoke(Object(Cake\Http\ServerRequest), Object(Cake\Http\Response), Object(Cake\Http\Runner))
#8 C:\wamp64\www\manos_barber\vendor\cakephp\cakephp\src\Http\Middleware\CsrfProtectionMiddleware.php(137): Cake\Http\Runner->__invoke(Object(Cake\Http\ServerRequest), Object(Cake\Http\Response))
#9 C:\wamp64\www\manos_barber\vendor\cakephp\cakephp\src\Http\Runner.php(65): Cake\Http\Middleware\CsrfProtectionMiddleware->__invoke(Object(Cake\Http\ServerRequest), Object(Cake\Http\Response), Object(Cake\Http\Runner))
#10 C:\wamp64\www\manos_barber\vendor\cakephp\cakephp\src\Http\Runner.php(51): Cake\Http\Runner->__invoke(Object(Cake\Http\ServerRequest), Object(Cake\Http\Response))
#11 C:\wamp64\www\manos_barber\vendor\cakephp\cakephp\src\Routing\Middleware\RoutingMiddleware.php(170): Cake\Http\Runner->run(Object(Cake\Http\MiddlewareQueue), Object(Cake\Http\ServerRequest), Object(Cake\Http\Response))
#12 C:\wamp64\www\manos_barber\vendor\cakephp\cakephp\src\Http\Runner.php(65): Cake\Routing\Middleware\RoutingMiddleware->__invoke(Object(Cake\Http\ServerRequest), Object(Cake\Http\Response), Object(Cake\Http\Runner))
#13 C:\wamp64\www\manos_barber\vendor\cakephp\cakephp\src\Routing\Middleware\AssetMiddleware.php(88): Cake\Http\Runner->__invoke(Object(Cake\Http\ServerRequest), Object(Cake\Http\Response))
#14 C:\wamp64\www\manos_barber\vendor\cakephp\cakephp\src\Http\Runner.php(65): Cake\Routing\Middleware\AssetMiddleware->__invoke(Object(Cake\Http\ServerRequest), Object(Cake\Http\Response), Object(Cake\Http\Runner))
#15 C:\wamp64\www\manos_barber\vendor\cakephp\cakephp\src\Error\Middleware\ErrorHandlerMiddleware.php(100): Cake\Http\Runner->__invoke(Object(Cake\Http\ServerRequest), Object(Cake\Http\Response))
#16 C:\wamp64\www\manos_barber\vendor\cakephp\cakephp\src\Http\Runner.php(65): Cake\Error\Middleware\ErrorHandlerMiddleware->__invoke(Object(Cake\Http\ServerRequest), Object(Cake\Http\Response), Object(Cake\Http\Runner))
#17 C:\wamp64\www\manos_barber\vendor\cakephp\debug_kit\src\Middleware\DebugKitMiddleware.php(53): Cake\Http\Runner->__invoke(Object(Cake\Http\ServerRequest), Object(Cake\Http\Response))
#18 C:\wamp64\www\manos_barber\vendor\cakephp\cakephp\src\Http\Runner.php(65): DebugKit\Middleware\DebugKitMiddleware->__invoke(Object(Cake\Http\ServerRequest), Object(Cake\Http\Response), Object(Cake\Http\Runner))
#19 C:\wamp64\www\manos_barber\vendor\cakephp\cakephp\src\Http\Runner.php(51): Cake\Http\Runner->__invoke(Object(Cake\Http\ServerRequest), Object(Cake\Http\Response))
#20 C:\wamp64\www\manos_barber\vendor\cakephp\cakephp\src\Http\Server.php(97): Cake\Http\Runner->run(Object(Cake\Http\MiddlewareQueue), Object(Cake\Http\ServerRequest), Object(Cake\Http\Response))
#21 C:\wamp64\www\manos_barber\webroot\index.php(40): Cake\Http\Server->run()
#22 {main}
Request URL: /users/login?redirect=%2Froles
Referer URL: http://localhost/manos_barber/roles/add


2022-11-08 16:57:57 Error: [Cake\Controller\Exception\MissingActionException] Action UsersController::register() could not be found, or is not accessible. (C:\wamp64\www\manos_barber\vendor\cakephp\cakephp\src\Controller\Controller.php:596)
Exception Attributes: array (
  'controller' => 'UsersController',
  'action' => 'register',
  'prefix' => '',
  'plugin' => false,
)
#0 C:\wamp64\www\manos_barber\vendor\cakephp\cakephp\src\Http\ActionDispatcher.php(120): Cake\Controller\Controller->invokeAction()
#1 C:\wamp64\www\manos_barber\vendor\cakephp\cakephp\src\Http\ActionDispatcher.php(94): Cake\Http\ActionDispatcher->_invoke(Object(App\Controller\UsersController))
#2 C:\wamp64\www\manos_barber\vendor\cakephp\cakephp\src\Http\BaseApplication.php(256): Cake\Http\ActionDispatcher->dispatch(Object(Cake\Http\ServerRequest), Object(Cake\Http\Response))
#3 C:\wamp64\www\manos_barber\vendor\cakephp\cakephp\src\Http\Runner.php(65): Cake\Http\BaseApplication->__invoke(Object(Cake\Http\ServerRequest), Object(Cake\Http\Response), Object(Cake\Http\Runner))
#4 C:\wamp64\www\manos_barber\vendor\cakephp\cakephp\src\Http\Runner.php(65): Cake\Http\Runner->__invoke(Object(Cake\Http\ServerRequest), Object(Cake\Http\Response), Object(Cake\Http\Runner))
#5 C:\wamp64\www\manos_barber\vendor\cakephp\cakephp\src\Http\Middleware\CsrfProtectionMiddleware.php(137): Cake\Http\Runner->__invoke(Object(Cake\Http\ServerRequest), Object(Cake\Http\Response))
#6 C:\wamp64\www\manos_barber\vendor\cakephp\cakephp\src\Http\Runner.php(65): Cake\Http\Middleware\CsrfProtectionMiddleware->__invoke(Object(Cake\Http\ServerRequest), Object(Cake\Http\Response), Object(Cake\Http\Runner))
#7 C:\wamp64\www\manos_barber\vendor\cakephp\cakephp\src\Http\Runner.php(51): Cake\Http\Runner->__invoke(Object(Cake\Http\ServerRequest), Object(Cake\Http\Response))
#8 C:\wamp64\www\manos_barber\vendor\cakephp\cakephp\src\Routing\Middleware\RoutingMiddleware.php(170): Cake\Http\Runner->run(Object(Cake\Http\MiddlewareQueue), Object(Cake\Http\ServerRequest), Object(Cake\Http\Response))
#9 C:\wamp64\www\manos_barber\vendor\cakephp\cakephp\src\Http\Runner.php(65): Cake\Routing\Middleware\RoutingMiddleware->__invoke(Object(Cake\Http\ServerRequest), Object(Cake\Http\Response), Object(Cake\Http\Runner))
#10 C:\wamp64\www\manos_barber\vendor\cakephp\cakephp\src\Routing\Middleware\AssetMiddleware.php(88): Cake\Http\Runner->__invoke(Object(Cake\Http\ServerRequest), Object(Cake\Http\Response))
#11 C:\wamp64\www\manos_barber\vendor\cakephp\cakephp\src\Http\Runner.php(65): Cake\Routing\Middleware\AssetMiddleware->__invoke(Object(Cake\Http\ServerRequest), Object(Cake\Http\Response), Object(Cake\Http\Runner))
#12 C:\wamp64\www\manos_barber\vendor\cakephp\cakephp\src\Error\Middleware\ErrorHandlerMiddleware.php(100): Cake\Http\Runner->__invoke(Object(Cake\Http\ServerRequest), Object(Cake\Http\Response))
#13 C:\wamp64\www\manos_barber\vendor\cakephp\cakephp\src\Http\Runner.php(65): Cake\Error\Middleware\ErrorHandlerMiddleware->__invoke(Object(Cake\Http\ServerRequest), Object(Cake\Http\Response), Object(Cake\Http\Runner))
#14 C:\wamp64\www\manos_barber\vendor\cakephp\debug_kit\src\Middleware\DebugKitMiddleware.php(53): Cake\Http\Runner->__invoke(Object(Cake\Http\ServerRequest), Object(Cake\Http\Response))
#15 C:\wamp64\www\manos_barber\vendor\cakephp\cakephp\src\Http\Runner.php(65): DebugKit\Middleware\DebugKitMiddleware->__invoke(Object(Cake\Http\ServerRequest), Object(Cake\Http\Response), Object(Cake\Http\Runner))
#16 C:\wamp64\www\manos_barber\vendor\cakephp\cakephp\src\Http\Runner.php(51): Cake\Http\Runner->__invoke(Object(Cake\Http\ServerRequest), Object(Cake\Http\Response))
#17 C:\wamp64\www\manos_barber\vendor\cakephp\cakephp\src\Http\Server.php(97): Cake\Http\Runner->run(Object(Cake\Http\MiddlewareQueue), Object(Cake\Http\ServerRequest), Object(Cake\Http\Response))
#18 C:\wamp64\www\manos_barber\webroot\index.php(40): Cake\Http\Server->run()
#19 {main}
Request URL: /users/register
Referer URL: http://localhost/manos_barber/users/login


2022-11-08 17:12:30 Error: [Error] Call to a member function user() on bool (C:\wamp64\www\manos_barber\src\Controller\AppController.php:94)
#0 C:\wamp64\www\manos_barber\src\Controller\ErrorController.php(56): App\Controller\AppController->beforeRender(Object(Cake\Event\Event))
#1 C:\wamp64\www\manos_barber\vendor\cakephp\cakephp\src\Event\EventManager.php(351): App\Controller\ErrorController->beforeRender(Object(Cake\Event\Event))
#2 C:\wamp64\www\manos_barber\vendor\cakephp\cakephp\src\Event\EventManager.php(328): Cake\Event\EventManager->_callListener(Array, Object(Cake\Event\Event))
#3 C:\wamp64\www\manos_barber\vendor\cakephp\cakephp\src\Event\EventDispatcherTrait.php(112): Cake\Event\EventManager->dispatch(Object(Cake\Event\Event))
#4 C:\wamp64\www\manos_barber\vendor\cakephp\cakephp\src\Controller\Controller.php(778): Cake\Controller\Controller->dispatchEvent('Controller.befo...')
#5 C:\wamp64\www\manos_barber\vendor\cakephp\cakephp\src\Error\ExceptionRenderer.php(369): Cake\Controller\Controller->render('missingLayout')
#6 C:\wamp64\www\manos_barber\vendor\cakephp\cakephp\src\Error\ExceptionRenderer.php(243): Cake\Error\ExceptionRenderer->_outputMessage('missingLayout')
#7 C:\wamp64\www\manos_barber\vendor\cakephp\cakephp\src\Error\Middleware\ErrorHandlerMiddleware.php(120): Cake\Error\ExceptionRenderer->render()
#8 C:\wamp64\www\manos_barber\vendor\cakephp\cakephp\src\Error\Middleware\ErrorHandlerMiddleware.php(102): Cake\Error\Middleware\ErrorHandlerMiddleware->handleException(Object(Cake\View\Exception\MissingLayoutException), Object(Cake\Http\ServerRequest), Object(Cake\Http\Response))
#9 C:\wamp64\www\manos_barber\vendor\cakephp\cakephp\src\Http\Runner.php(65): Cake\Error\Middleware\ErrorHandlerMiddleware->__invoke(Object(Cake\Http\ServerRequest), Object(Cake\Http\Response), Object(Cake\Http\Runner))
#10 C:\wamp64\www\manos_barber\vendor\cakephp\debug_kit\src\Middleware\DebugKitMiddleware.php(53): Cake\Http\Runner->__invoke(Object(Cake\Http\ServerRequest), Object(Cake\Http\Response))
#11 C:\wamp64\www\manos_barber\vendor\cakephp\cakephp\src\Http\Runner.php(65): DebugKit\Middleware\DebugKitMiddleware->__invoke(Object(Cake\Http\ServerRequest), Object(Cake\Http\Response), Object(Cake\Http\Runner))
#12 C:\wamp64\www\manos_barber\vendor\cakephp\cakephp\src\Http\Runner.php(51): Cake\Http\Runner->__invoke(Object(Cake\Http\ServerRequest), Object(Cake\Http\Response))
#13 C:\wamp64\www\manos_barber\vendor\cakephp\cakephp\src\Http\Server.php(97): Cake\Http\Runner->run(Object(Cake\Http\MiddlewareQueue), Object(Cake\Http\ServerRequest), Object(Cake\Http\Response))
#14 C:\wamp64\www\manos_barber\webroot\index.php(40): Cake\Http\Server->run()
#15 {main}
Request URL: /users/profile
Referer URL: http://localhost/manos_barber/users/login


2022-11-08 17:12:30 Warning: Warning (512): Unable to emit headers. Headers sent in file=C:\wamp64\www\manos_barber\vendor\cakephp\cakephp\src\Error\Debugger.php line=855 in [C:\wamp64\www\manos_barber\vendor\cakephp\cakephp\src\Http\ResponseEmitter.php, line 53]
Request URL: /users/profile
Referer URL: http://localhost/manos_barber/users/login
Trace:
Cake\Error\BaseErrorHandler::handleError() - CORE\src\Error\BaseErrorHandler.php, line 168
Cake\Core\BasePlugin::{closure}() - ROOT\vendor\cakephp\debug_kit\config\bootstrap.php, line 43
Cake\Http\ResponseEmitter::emit() - CORE\src\Http\ResponseEmitter.php, line 53
Cake\Http\Server::emit() - CORE\src\Http\Server.php, line 140
[main] - ROOT\webroot\index.php, line 40



2022-11-08 17:12:30 Warning: Warning (2): Cannot modify header information - headers already sent by (output started at C:\wamp64\www\manos_barber\vendor\cakephp\cakephp\src\Error\Debugger.php:855) in [C:\wamp64\www\manos_barber\vendor\cakephp\cakephp\src\Http\ResponseEmitter.php, line 154]
Request URL: /users/profile
Referer URL: http://localhost/manos_barber/users/login
Trace:
Cake\Error\BaseErrorHandler::handleError() - CORE\src\Error\BaseErrorHandler.php, line 168
Cake\Core\BasePlugin::{closure}() - ROOT\vendor\cakephp\debug_kit\config\bootstrap.php, line 43
header - [internal], line ??
Cake\Http\ResponseEmitter::emitStatusLine() - CORE\src\Http\ResponseEmitter.php, line 154
Cake\Http\ResponseEmitter::emit() - CORE\src\Http\ResponseEmitter.php, line 59
Cake\Http\Server::emit() - CORE\src\Http\Server.php, line 140
[main] - ROOT\webroot\index.php, line 40



2022-11-08 17:12:30 Warning: Warning (2): Cannot modify header information - headers already sent by (output started at C:\wamp64\www\manos_barber\vendor\cakephp\cakephp\src\Error\Debugger.php:855) in [C:\wamp64\www\manos_barber\vendor\cakephp\cakephp\src\Http\ResponseEmitter.php, line 183]
Request URL: /users/profile
Referer URL: http://localhost/manos_barber/users/login
Trace:
Cake\Error\BaseErrorHandler::handleError() - CORE\src\Error\BaseErrorHandler.php, line 168
Cake\Core\BasePlugin::{closure}() - ROOT\vendor\cakephp\debug_kit\config\bootstrap.php, line 43
header - [internal], line ??
Cake\Http\ResponseEmitter::emitHeaders() - CORE\src\Http\ResponseEmitter.php, line 183
Cake\Http\ResponseEmitter::emit() - CORE\src\Http\ResponseEmitter.php, line 60
Cake\Http\Server::emit() - CORE\src\Http\Server.php, line 140
[main] - ROOT\webroot\index.php, line 40



2022-11-08 17:12:30 Warning: Warning (2): Cannot modify header information - headers already sent by (output started at C:\wamp64\www\manos_barber\vendor\cakephp\cakephp\src\Error\Debugger.php:855) in [C:\wamp64\www\manos_barber\vendor\cakephp\cakephp\src\Http\ResponseEmitter.php, line 183]
Request URL: /users/profile
Referer URL: http://localhost/manos_barber/users/login
Trace:
Cake\Error\BaseErrorHandler::handleError() - CORE\src\Error\BaseErrorHandler.php, line 168
Cake\Core\BasePlugin::{closure}() - ROOT\vendor\cakephp\debug_kit\config\bootstrap.php, line 43
header - [internal], line ??
Cake\Http\ResponseEmitter::emitHeaders() - CORE\src\Http\ResponseEmitter.php, line 183
Cake\Http\ResponseEmitter::emit() - CORE\src\Http\ResponseEmitter.php, line 60
Cake\Http\Server::emit() - CORE\src\Http\Server.php, line 140
[main] - ROOT\webroot\index.php, line 40



2022-11-08 17:26:40 Error: [Error] Call to a member function user() on bool (C:\wamp64\www\manos_barber\src\Controller\AppController.php:94)
#0 C:\wamp64\www\manos_barber\src\Controller\ErrorController.php(56): App\Controller\AppController->beforeRender(Object(Cake\Event\Event))
#1 C:\wamp64\www\manos_barber\vendor\cakephp\cakephp\src\Event\EventManager.php(351): App\Controller\ErrorController->beforeRender(Object(Cake\Event\Event))
#2 C:\wamp64\www\manos_barber\vendor\cakephp\cakephp\src\Event\EventManager.php(328): Cake\Event\EventManager->_callListener(Array, Object(Cake\Event\Event))
#3 C:\wamp64\www\manos_barber\vendor\cakephp\cakephp\src\Event\EventDispatcherTrait.php(112): Cake\Event\EventManager->dispatch(Object(Cake\Event\Event))
#4 C:\wamp64\www\manos_barber\vendor\cakephp\cakephp\src\Controller\Controller.php(778): Cake\Controller\Controller->dispatchEvent('Controller.befo...')
#5 C:\wamp64\www\manos_barber\vendor\cakephp\cakephp\src\Error\ExceptionRenderer.php(369): Cake\Controller\Controller->render('missingControll...')
#6 C:\wamp64\www\manos_barber\vendor\cakephp\cakephp\src\Error\ExceptionRenderer.php(243): Cake\Error\ExceptionRenderer->_outputMessage('missingControll...')
#7 C:\wamp64\www\manos_barber\vendor\cakephp\cakephp\src\Error\Middleware\ErrorHandlerMiddleware.php(120): Cake\Error\ExceptionRenderer->render()
#8 C:\wamp64\www\manos_barber\vendor\cakephp\cakephp\src\Error\Middleware\ErrorHandlerMiddleware.php(102): Cake\Error\Middleware\ErrorHandlerMiddleware->handleException(Object(Cake\Routing\Exception\MissingControllerException), Object(Cake\Http\ServerRequest), Object(Cake\Http\Response))
#9 C:\wamp64\www\manos_barber\vendor\cakephp\cakephp\src\Http\Runner.php(65): Cake\Error\Middleware\ErrorHandlerMiddleware->__invoke(Object(Cake\Http\ServerRequest), Object(Cake\Http\Response), Object(Cake\Http\Runner))
#10 C:\wamp64\www\manos_barber\vendor\cakephp\debug_kit\src\Middleware\DebugKitMiddleware.php(53): Cake\Http\Runner->__invoke(Object(Cake\Http\ServerRequest), Object(Cake\Http\Response))
#11 C:\wamp64\www\manos_barber\vendor\cakephp\cakephp\src\Http\Runner.php(65): DebugKit\Middleware\DebugKitMiddleware->__invoke(Object(Cake\Http\ServerRequest), Object(Cake\Http\Response), Object(Cake\Http\Runner))
#12 C:\wamp64\www\manos_barber\vendor\cakephp\cakephp\src\Http\Runner.php(51): Cake\Http\Runner->__invoke(Object(Cake\Http\ServerRequest), Object(Cake\Http\Response))
#13 C:\wamp64\www\manos_barber\vendor\cakephp\cakephp\src\Http\Server.php(97): Cake\Http\Runner->run(Object(Cake\Http\MiddlewareQueue), Object(Cake\Http\ServerRequest), Object(Cake\Http\Response))
#14 C:\wamp64\www\manos_barber\webroot\index.php(40): Cake\Http\Server->run()
#15 {main}
Request URL: /css/base.css
Referer URL: http://localhost/manos_barber/users/profile


2022-11-08 17:26:40 Warning: Warning (512): Unable to emit headers. Headers sent in file=C:\wamp64\www\manos_barber\vendor\cakephp\cakephp\src\Error\Debugger.php line=855 in [C:\wamp64\www\manos_barber\vendor\cakephp\cakephp\src\Http\ResponseEmitter.php, line 53]
Request URL: /css/base.css
Referer URL: http://localhost/manos_barber/users/profile
Trace:
Cake\Error\BaseErrorHandler::handleError() - CORE\src\Error\BaseErrorHandler.php, line 168
Cake\Core\BasePlugin::{closure}() - ROOT\vendor\cakephp\debug_kit\config\bootstrap.php, line 43
Cake\Http\ResponseEmitter::emit() - CORE\src\Http\ResponseEmitter.php, line 53
Cake\Http\Server::emit() - CORE\src\Http\Server.php, line 140
[main] - ROOT\webroot\index.php, line 40



2022-11-08 17:26:40 Warning: Warning (2): Cannot modify header information - headers already sent by (output started at C:\wamp64\www\manos_barber\vendor\cakephp\cakephp\src\Error\Debugger.php:855) in [C:\wamp64\www\manos_barber\vendor\cakephp\cakephp\src\Http\ResponseEmitter.php, line 154]
Request URL: /css/base.css
Referer URL: http://localhost/manos_barber/users/profile
Trace:
Cake\Error\BaseErrorHandler::handleError() - CORE\src\Error\BaseErrorHandler.php, line 168
Cake\Core\BasePlugin::{closure}() - ROOT\vendor\cakephp\debug_kit\config\bootstrap.php, line 43
header - [internal], line ??
Cake\Http\ResponseEmitter::emitStatusLine() - CORE\src\Http\ResponseEmitter.php, line 154
Cake\Http\ResponseEmitter::emit() - CORE\src\Http\ResponseEmitter.php, line 59
Cake\Http\Server::emit() - CORE\src\Http\Server.php, line 140
[main] - ROOT\webroot\index.php, line 40



2022-11-08 17:26:40 Warning: Warning (2): Cannot modify header information - headers already sent by (output started at C:\wamp64\www\manos_barber\vendor\cakephp\cakephp\src\Error\Debugger.php:855) in [C:\wamp64\www\manos_barber\vendor\cakephp\cakephp\src\Http\ResponseEmitter.php, line 183]
Request URL: /css/base.css
Referer URL: http://localhost/manos_barber/users/profile
Trace:
Cake\Error\BaseErrorHandler::handleError() - CORE\src\Error\BaseErrorHandler.php, line 168
Cake\Core\BasePlugin::{closure}() - ROOT\vendor\cakephp\debug_kit\config\bootstrap.php, line 43
header - [internal], line ??
Cake\Http\ResponseEmitter::emitHeaders() - CORE\src\Http\ResponseEmitter.php, line 183
Cake\Http\ResponseEmitter::emit() - CORE\src\Http\ResponseEmitter.php, line 60
Cake\Http\Server::emit() - CORE\src\Http\Server.php, line 140
[main] - ROOT\webroot\index.php, line 40



2022-11-08 17:26:40 Warning: Warning (2): Cannot modify header information - headers already sent by (output started at C:\wamp64\www\manos_barber\vendor\cakephp\cakephp\src\Error\Debugger.php:855) in [C:\wamp64\www\manos_barber\vendor\cakephp\cakephp\src\Http\ResponseEmitter.php, line 183]
Request URL: /css/base.css
Referer URL: http://localhost/manos_barber/users/profile
Trace:
Cake\Error\BaseErrorHandler::handleError() - CORE\src\Error\BaseErrorHandler.php, line 168
Cake\Core\BasePlugin::{closure}() - ROOT\vendor\cakephp\debug_kit\config\bootstrap.php, line 43
header - [internal], line ??
Cake\Http\ResponseEmitter::emitHeaders() - CORE\src\Http\ResponseEmitter.php, line 183
Cake\Http\ResponseEmitter::emit() - CORE\src\Http\ResponseEmitter.php, line 60
Cake\Http\Server::emit() - CORE\src\Http\Server.php, line 140
[main] - ROOT\webroot\index.php, line 40



2022-11-08 17:26:42 Error: [Error] Call to a member function user() on bool (C:\wamp64\www\manos_barber\src\Controller\AppController.php:94)
#0 C:\wamp64\www\manos_barber\src\Controller\ErrorController.php(56): App\Controller\AppController->beforeRender(Object(Cake\Event\Event))
#1 C:\wamp64\www\manos_barber\vendor\cakephp\cakephp\src\Event\EventManager.php(351): App\Controller\ErrorController->beforeRender(Object(Cake\Event\Event))
#2 C:\wamp64\www\manos_barber\vendor\cakephp\cakephp\src\Event\EventManager.php(328): Cake\Event\EventManager->_callListener(Array, Object(Cake\Event\Event))
#3 C:\wamp64\www\manos_barber\vendor\cakephp\cakephp\src\Event\EventDispatcherTrait.php(112): Cake\Event\EventManager->dispatch(Object(Cake\Event\Event))
#4 C:\wamp64\www\manos_barber\vendor\cakephp\cakephp\src\Controller\Controller.php(778): Cake\Controller\Controller->dispatchEvent('Controller.befo...')
#5 C:\wamp64\www\manos_barber\vendor\cakephp\cakephp\src\Error\ExceptionRenderer.php(369): Cake\Controller\Controller->render('missingControll...')
#6 C:\wamp64\www\manos_barber\vendor\cakephp\cakephp\src\Error\ExceptionRenderer.php(243): Cake\Error\ExceptionRenderer->_outputMessage('missingControll...')
#7 C:\wamp64\www\manos_barber\vendor\cakephp\cakephp\src\Error\Middleware\ErrorHandlerMiddleware.php(120): Cake\Error\ExceptionRenderer->render()
#8 C:\wamp64\www\manos_barber\vendor\cakephp\cakephp\src\Error\Middleware\ErrorHandlerMiddleware.php(102): Cake\Error\Middleware\ErrorHandlerMiddleware->handleException(Object(Cake\Routing\Exception\MissingControllerException), Object(Cake\Http\ServerRequest), Object(Cake\Http\Response))
#9 C:\wamp64\www\manos_barber\vendor\cakephp\cakephp\src\Http\Runner.php(65): Cake\Error\Middleware\ErrorHandlerMiddleware->__invoke(Object(Cake\Http\ServerRequest), Object(Cake\Http\Response), Object(Cake\Http\Runner))
#10 C:\wamp64\www\manos_barber\vendor\cakephp\debug_kit\src\Middleware\DebugKitMiddleware.php(53): Cake\Http\Runner->__invoke(Object(Cake\Http\ServerRequest), Object(Cake\Http\Response))
#11 C:\wamp64\www\manos_barber\vendor\cakephp\cakephp\src\Http\Runner.php(65): DebugKit\Middleware\DebugKitMiddleware->__invoke(Object(Cake\Http\ServerRequest), Object(Cake\Http\Response), Object(Cake\Http\Runner))
#12 C:\wamp64\www\manos_barber\vendor\cakephp\cakephp\src\Http\Runner.php(51): Cake\Http\Runner->__invoke(Object(Cake\Http\ServerRequest), Object(Cake\Http\Response))
#13 C:\wamp64\www\manos_barber\vendor\cakephp\cakephp\src\Http\Server.php(97): Cake\Http\Runner->run(Object(Cake\Http\MiddlewareQueue), Object(Cake\Http\ServerRequest), Object(Cake\Http\Response))
#14 C:\wamp64\www\manos_barber\webroot\index.php(40): Cake\Http\Server->run()
#15 {main}
Request URL: /css/base.css
Referer URL: http://localhost/manos_barber/users/login


2022-11-08 17:26:43 Warning: Warning (512): Unable to emit headers. Headers sent in file=C:\wamp64\www\manos_barber\vendor\cakephp\cakephp\src\Error\Debugger.php line=855 in [C:\wamp64\www\manos_barber\vendor\cakephp\cakephp\src\Http\ResponseEmitter.php, line 53]
Request URL: /css/base.css
Referer URL: http://localhost/manos_barber/users/login
Trace:
Cake\Error\BaseErrorHandler::handleError() - CORE\src\Error\BaseErrorHandler.php, line 168
Cake\Core\BasePlugin::{closure}() - ROOT\vendor\cakephp\debug_kit\config\bootstrap.php, line 43
Cake\Http\ResponseEmitter::emit() - CORE\src\Http\ResponseEmitter.php, line 53
Cake\Http\Server::emit() - CORE\src\Http\Server.php, line 140
[main] - ROOT\webroot\index.php, line 40



2022-11-08 17:26:43 Warning: Warning (2): Cannot modify header information - headers already sent by (output started at C:\wamp64\www\manos_barber\vendor\cakephp\cakephp\src\Error\Debugger.php:855) in [C:\wamp64\www\manos_barber\vendor\cakephp\cakephp\src\Http\ResponseEmitter.php, line 154]
Request URL: /css/base.css
Referer URL: http://localhost/manos_barber/users/login
Trace:
Cake\Error\BaseErrorHandler::handleError() - CORE\src\Error\BaseErrorHandler.php, line 168
Cake\Core\BasePlugin::{closure}() - ROOT\vendor\cakephp\debug_kit\config\bootstrap.php, line 43
header - [internal], line ??
Cake\Http\ResponseEmitter::emitStatusLine() - CORE\src\Http\ResponseEmitter.php, line 154
Cake\Http\ResponseEmitter::emit() - CORE\src\Http\ResponseEmitter.php, line 59
Cake\Http\Server::emit() - CORE\src\Http\Server.php, line 140
[main] - ROOT\webroot\index.php, line 40



2022-11-08 17:26:43 Warning: Warning (2): Cannot modify header information - headers already sent by (output started at C:\wamp64\www\manos_barber\vendor\cakephp\cakephp\src\Error\Debugger.php:855) in [C:\wamp64\www\manos_barber\vendor\cakephp\cakephp\src\Http\ResponseEmitter.php, line 183]
Request URL: /css/base.css
Referer URL: http://localhost/manos_barber/users/login
Trace:
Cake\Error\BaseErrorHandler::handleError() - CORE\src\Error\BaseErrorHandler.php, line 168
Cake\Core\BasePlugin::{closure}() - ROOT\vendor\cakephp\debug_kit\config\bootstrap.php, line 43
header - [internal], line ??
Cake\Http\ResponseEmitter::emitHeaders() - CORE\src\Http\ResponseEmitter.php, line 183
Cake\Http\ResponseEmitter::emit() - CORE\src\Http\ResponseEmitter.php, line 60
Cake\Http\Server::emit() - CORE\src\Http\Server.php, line 140
[main] - ROOT\webroot\index.php, line 40



2022-11-08 17:26:43 Warning: Warning (2): Cannot modify header information - headers already sent by (output started at C:\wamp64\www\manos_barber\vendor\cakephp\cakephp\src\Error\Debugger.php:855) in [C:\wamp64\www\manos_barber\vendor\cakephp\cakephp\src\Http\ResponseEmitter.php, line 183]
Request URL: /css/base.css
Referer URL: http://localhost/manos_barber/users/login
Trace:
Cake\Error\BaseErrorHandler::handleError() - CORE\src\Error\BaseErrorHandler.php, line 168
Cake\Core\BasePlugin::{closure}() - ROOT\vendor\cakephp\debug_kit\config\bootstrap.php, line 43
header - [internal], line ??
Cake\Http\ResponseEmitter::emitHeaders() - CORE\src\Http\ResponseEmitter.php, line 183
Cake\Http\ResponseEmitter::emit() - CORE\src\Http\ResponseEmitter.php, line 60
Cake\Http\Server::emit() - CORE\src\Http\Server.php, line 140
[main] - ROOT\webroot\index.php, line 40



2022-11-08 17:28:11 Error: [Error] Call to a member function user() on bool (C:\wamp64\www\manos_barber\src\Controller\AppController.php:94)
#0 C:\wamp64\www\manos_barber\src\Controller\ErrorController.php(56): App\Controller\AppController->beforeRender(Object(Cake\Event\Event))
#1 C:\wamp64\www\manos_barber\vendor\cakephp\cakephp\src\Event\EventManager.php(351): App\Controller\ErrorController->beforeRender(Object(Cake\Event\Event))
#2 C:\wamp64\www\manos_barber\vendor\cakephp\cakephp\src\Event\EventManager.php(328): Cake\Event\EventManager->_callListener(Array, Object(Cake\Event\Event))
#3 C:\wamp64\www\manos_barber\vendor\cakephp\cakephp\src\Event\EventDispatcherTrait.php(112): Cake\Event\EventManager->dispatch(Object(Cake\Event\Event))
#4 C:\wamp64\www\manos_barber\vendor\cakephp\cakephp\src\Controller\Controller.php(778): Cake\Controller\Controller->dispatchEvent('Controller.befo...')
#5 C:\wamp64\www\manos_barber\vendor\cakephp\cakephp\src\Error\ExceptionRenderer.php(369): Cake\Controller\Controller->render('missingControll...')
#6 C:\wamp64\www\manos_barber\vendor\cakephp\cakephp\src\Error\ExceptionRenderer.php(243): Cake\Error\ExceptionRenderer->_outputMessage('missingControll...')
#7 C:\wamp64\www\manos_barber\vendor\cakephp\cakephp\src\Error\Middleware\ErrorHandlerMiddleware.php(120): Cake\Error\ExceptionRenderer->render()
#8 C:\wamp64\www\manos_barber\vendor\cakephp\cakephp\src\Error\Middleware\ErrorHandlerMiddleware.php(102): Cake\Error\Middleware\ErrorHandlerMiddleware->handleException(Object(Cake\Routing\Exception\MissingControllerException), Object(Cake\Http\ServerRequest), Object(Cake\Http\Response))
#9 C:\wamp64\www\manos_barber\vendor\cakephp\cakephp\src\Http\Runner.php(65): Cake\Error\Middleware\ErrorHandlerMiddleware->__invoke(Object(Cake\Http\ServerRequest), Object(Cake\Http\Response), Object(Cake\Http\Runner))
#10 C:\wamp64\www\manos_barber\vendor\cakephp\debug_kit\src\Middleware\DebugKitMiddleware.php(53): Cake\Http\Runner->__invoke(Object(Cake\Http\ServerRequest), Object(Cake\Http\Response))
#11 C:\wamp64\www\manos_barber\vendor\cakephp\cakephp\src\Http\Runner.php(65): DebugKit\Middleware\DebugKitMiddleware->__invoke(Object(Cake\Http\ServerRequest), Object(Cake\Http\Response), Object(Cake\Http\Runner))
#12 C:\wamp64\www\manos_barber\vendor\cakephp\cakephp\src\Http\Runner.php(51): Cake\Http\Runner->__invoke(Object(Cake\Http\ServerRequest), Object(Cake\Http\Response))
#13 C:\wamp64\www\manos_barber\vendor\cakephp\cakephp\src\Http\Server.php(97): Cake\Http\Runner->run(Object(Cake\Http\MiddlewareQueue), Object(Cake\Http\ServerRequest), Object(Cake\Http\Response))
#14 C:\wamp64\www\manos_barber\webroot\index.php(40): Cake\Http\Server->run()
#15 {main}
Request URL: /css/base.css
Referer URL: http://localhost/manos_barber/users/login


2022-11-08 17:28:11 Warning: Warning (512): Unable to emit headers. Headers sent in file=C:\wamp64\www\manos_barber\vendor\cakephp\cakephp\src\Error\Debugger.php line=855 in [C:\wamp64\www\manos_barber\vendor\cakephp\cakephp\src\Http\ResponseEmitter.php, line 53]
Request URL: /css/base.css
Referer URL: http://localhost/manos_barber/users/login
Trace:
Cake\Error\BaseErrorHandler::handleError() - CORE\src\Error\BaseErrorHandler.php, line 168
Cake\Core\BasePlugin::{closure}() - ROOT\vendor\cakephp\debug_kit\config\bootstrap.php, line 43
Cake\Http\ResponseEmitter::emit() - CORE\src\Http\ResponseEmitter.php, line 53
Cake\Http\Server::emit() - CORE\src\Http\Server.php, line 140
[main] - ROOT\webroot\index.php, line 40



2022-11-08 17:28:11 Warning: Warning (2): Cannot modify header information - headers already sent by (output started at C:\wamp64\www\manos_barber\vendor\cakephp\cakephp\src\Error\Debugger.php:855) in [C:\wamp64\www\manos_barber\vendor\cakephp\cakephp\src\Http\ResponseEmitter.php, line 154]
Request URL: /css/base.css
Referer URL: http://localhost/manos_barber/users/login
Trace:
Cake\Error\BaseErrorHandler::handleError() - CORE\src\Error\BaseErrorHandler.php, line 168
Cake\Core\BasePlugin::{closure}() - ROOT\vendor\cakephp\debug_kit\config\bootstrap.php, line 43
header - [internal], line ??
Cake\Http\ResponseEmitter::emitStatusLine() - CORE\src\Http\ResponseEmitter.php, line 154
Cake\Http\ResponseEmitter::emit() - CORE\src\Http\ResponseEmitter.php, line 59
Cake\Http\Server::emit() - CORE\src\Http\Server.php, line 140
[main] - ROOT\webroot\index.php, line 40



2022-11-08 17:28:11 Warning: Warning (2): Cannot modify header information - headers already sent by (output started at C:\wamp64\www\manos_barber\vendor\cakephp\cakephp\src\Error\Debugger.php:855) in [C:\wamp64\www\manos_barber\vendor\cakephp\cakephp\src\Http\ResponseEmitter.php, line 183]
Request URL: /css/base.css
Referer URL: http://localhost/manos_barber/users/login
Trace:
Cake\Error\BaseErrorHandler::handleError() - CORE\src\Error\BaseErrorHandler.php, line 168
Cake\Core\BasePlugin::{closure}() - ROOT\vendor\cakephp\debug_kit\config\bootstrap.php, line 43
header - [internal], line ??
Cake\Http\ResponseEmitter::emitHeaders() - CORE\src\Http\ResponseEmitter.php, line 183
Cake\Http\ResponseEmitter::emit() - CORE\src\Http\ResponseEmitter.php, line 60
Cake\Http\Server::emit() - CORE\src\Http\Server.php, line 140
[main] - ROOT\webroot\index.php, line 40



2022-11-08 17:28:11 Warning: Warning (2): Cannot modify header information - headers already sent by (output started at C:\wamp64\www\manos_barber\vendor\cakephp\cakephp\src\Error\Debugger.php:855) in [C:\wamp64\www\manos_barber\vendor\cakephp\cakephp\src\Http\ResponseEmitter.php, line 183]
Request URL: /css/base.css
Referer URL: http://localhost/manos_barber/users/login
Trace:
Cake\Error\BaseErrorHandler::handleError() - CORE\src\Error\BaseErrorHandler.php, line 168
Cake\Core\BasePlugin::{closure}() - ROOT\vendor\cakephp\debug_kit\config\bootstrap.php, line 43
header - [internal], line ??
Cake\Http\ResponseEmitter::emitHeaders() - CORE\src\Http\ResponseEmitter.php, line 183
Cake\Http\ResponseEmitter::emit() - CORE\src\Http\ResponseEmitter.php, line 60
Cake\Http\Server::emit() - CORE\src\Http\Server.php, line 140
[main] - ROOT\webroot\index.php, line 40



2022-11-08 18:19:20 Error: [Error] Call to a member function user() on bool (C:\wamp64\www\manos_barber\src\Controller\AppController.php:94)
#0 C:\wamp64\www\manos_barber\src\Controller\ErrorController.php(56): App\Controller\AppController->beforeRender(Object(Cake\Event\Event))
#1 C:\wamp64\www\manos_barber\vendor\cakephp\cakephp\src\Event\EventManager.php(351): App\Controller\ErrorController->beforeRender(Object(Cake\Event\Event))
#2 C:\wamp64\www\manos_barber\vendor\cakephp\cakephp\src\Event\EventManager.php(328): Cake\Event\EventManager->_callListener(Array, Object(Cake\Event\Event))
#3 C:\wamp64\www\manos_barber\vendor\cakephp\cakephp\src\Event\EventDispatcherTrait.php(112): Cake\Event\EventManager->dispatch(Object(Cake\Event\Event))
#4 C:\wamp64\www\manos_barber\vendor\cakephp\cakephp\src\Controller\Controller.php(778): Cake\Controller\Controller->dispatchEvent('Controller.befo...')
#5 C:\wamp64\www\manos_barber\vendor\cakephp\cakephp\src\Error\ExceptionRenderer.php(369): Cake\Controller\Controller->render('missingControll...')
#6 C:\wamp64\www\manos_barber\vendor\cakephp\cakephp\src\Error\ExceptionRenderer.php(243): Cake\Error\ExceptionRenderer->_outputMessage('missingControll...')
#7 C:\wamp64\www\manos_barber\vendor\cakephp\cakephp\src\Error\Middleware\ErrorHandlerMiddleware.php(120): Cake\Error\ExceptionRenderer->render()
#8 C:\wamp64\www\manos_barber\vendor\cakephp\cakephp\src\Error\Middleware\ErrorHandlerMiddleware.php(102): Cake\Error\Middleware\ErrorHandlerMiddleware->handleException(Object(Cake\Routing\Exception\MissingControllerException), Object(Cake\Http\ServerRequest), Object(Cake\Http\Response))
#9 C:\wamp64\www\manos_barber\vendor\cakephp\cakephp\src\Http\Runner.php(65): Cake\Error\Middleware\ErrorHandlerMiddleware->__invoke(Object(Cake\Http\ServerRequest), Object(Cake\Http\Response), Object(Cake\Http\Runner))
#10 C:\wamp64\www\manos_barber\vendor\cakephp\debug_kit\src\Middleware\DebugKitMiddleware.php(53): Cake\Http\Runner->__invoke(Object(Cake\Http\ServerRequest), Object(Cake\Http\Response))
#11 C:\wamp64\www\manos_barber\vendor\cakephp\cakephp\src\Http\Runner.php(65): DebugKit\Middleware\DebugKitMiddleware->__invoke(Object(Cake\Http\ServerRequest), Object(Cake\Http\Response), Object(Cake\Http\Runner))
#12 C:\wamp64\www\manos_barber\vendor\cakephp\cakephp\src\Http\Runner.php(51): Cake\Http\Runner->__invoke(Object(Cake\Http\ServerRequest), Object(Cake\Http\Response))
#13 C:\wamp64\www\manos_barber\vendor\cakephp\cakephp\src\Http\Server.php(97): Cake\Http\Runner->run(Object(Cake\Http\MiddlewareQueue), Object(Cake\Http\ServerRequest), Object(Cake\Http\Response))
#14 C:\wamp64\www\manos_barber\webroot\index.php(40): Cake\Http\Server->run()
#15 {main}
Request URL: /css/base.css
Referer URL: http://localhost/manos_barber/users/profile


2022-11-08 18:19:20 Warning: Warning (512): Unable to emit headers. Headers sent in file=C:\wamp64\www\manos_barber\vendor\cakephp\cakephp\src\Error\Debugger.php line=855 in [C:\wamp64\www\manos_barber\vendor\cakephp\cakephp\src\Http\ResponseEmitter.php, line 53]
Request URL: /css/base.css
Referer URL: http://localhost/manos_barber/users/profile
Trace:
Cake\Error\BaseErrorHandler::handleError() - CORE\src\Error\BaseErrorHandler.php, line 168
Cake\Core\BasePlugin::{closure}() - ROOT\vendor\cakephp\debug_kit\config\bootstrap.php, line 43
Cake\Http\ResponseEmitter::emit() - CORE\src\Http\ResponseEmitter.php, line 53
Cake\Http\Server::emit() - CORE\src\Http\Server.php, line 140
[main] - ROOT\webroot\index.php, line 40



2022-11-08 18:19:20 Warning: Warning (2): Cannot modify header information - headers already sent by (output started at C:\wamp64\www\manos_barber\vendor\cakephp\cakephp\src\Error\Debugger.php:855) in [C:\wamp64\www\manos_barber\vendor\cakephp\cakephp\src\Http\ResponseEmitter.php, line 154]
Request URL: /css/base.css
Referer URL: http://localhost/manos_barber/users/profile
Trace:
Cake\Error\BaseErrorHandler::handleError() - CORE\src\Error\BaseErrorHandler.php, line 168
Cake\Core\BasePlugin::{closure}() - ROOT\vendor\cakephp\debug_kit\config\bootstrap.php, line 43
header - [internal], line ??
Cake\Http\ResponseEmitter::emitStatusLine() - CORE\src\Http\ResponseEmitter.php, line 154
Cake\Http\ResponseEmitter::emit() - CORE\src\Http\ResponseEmitter.php, line 59
Cake\Http\Server::emit() - CORE\src\Http\Server.php, line 140
[main] - ROOT\webroot\index.php, line 40



2022-11-08 18:19:20 Warning: Warning (2): Cannot modify header information - headers already sent by (output started at C:\wamp64\www\manos_barber\vendor\cakephp\cakephp\src\Error\Debugger.php:855) in [C:\wamp64\www\manos_barber\vendor\cakephp\cakephp\src\Http\ResponseEmitter.php, line 183]
Request URL: /css/base.css
Referer URL: http://localhost/manos_barber/users/profile
Trace:
Cake\Error\BaseErrorHandler::handleError() - CORE\src\Error\BaseErrorHandler.php, line 168
Cake\Core\BasePlugin::{closure}() - ROOT\vendor\cakephp\debug_kit\config\bootstrap.php, line 43
header - [internal], line ??
Cake\Http\ResponseEmitter::emitHeaders() - CORE\src\Http\ResponseEmitter.php, line 183
Cake\Http\ResponseEmitter::emit() - CORE\src\Http\ResponseEmitter.php, line 60
Cake\Http\Server::emit() - CORE\src\Http\Server.php, line 140
[main] - ROOT\webroot\index.php, line 40



2022-11-08 18:19:20 Warning: Warning (2): Cannot modify header information - headers already sent by (output started at C:\wamp64\www\manos_barber\vendor\cakephp\cakephp\src\Error\Debugger.php:855) in [C:\wamp64\www\manos_barber\vendor\cakephp\cakephp\src\Http\ResponseEmitter.php, line 183]
Request URL: /css/base.css
Referer URL: http://localhost/manos_barber/users/profile
Trace:
Cake\Error\BaseErrorHandler::handleError() - CORE\src\Error\BaseErrorHandler.php, line 168
Cake\Core\BasePlugin::{closure}() - ROOT\vendor\cakephp\debug_kit\config\bootstrap.php, line 43
header - [internal], line ??
Cake\Http\ResponseEmitter::emitHeaders() - CORE\src\Http\ResponseEmitter.php, line 183
Cake\Http\ResponseEmitter::emit() - CORE\src\Http\ResponseEmitter.php, line 60
Cake\Http\Server::emit() - CORE\src\Http\Server.php, line 140
[main] - ROOT\webroot\index.php, line 40



2022-11-08 18:19:45 Error: [Error] Call to a member function user() on bool (C:\wamp64\www\manos_barber\src\Controller\AppController.php:94)
#0 C:\wamp64\www\manos_barber\src\Controller\ErrorController.php(56): App\Controller\AppController->beforeRender(Object(Cake\Event\Event))
#1 C:\wamp64\www\manos_barber\vendor\cakephp\cakephp\src\Event\EventManager.php(351): App\Controller\ErrorController->beforeRender(Object(Cake\Event\Event))
#2 C:\wamp64\www\manos_barber\vendor\cakephp\cakephp\src\Event\EventManager.php(328): Cake\Event\EventManager->_callListener(Array, Object(Cake\Event\Event))
#3 C:\wamp64\www\manos_barber\vendor\cakephp\cakephp\src\Event\EventDispatcherTrait.php(112): Cake\Event\EventManager->dispatch(Object(Cake\Event\Event))
#4 C:\wamp64\www\manos_barber\vendor\cakephp\cakephp\src\Controller\Controller.php(778): Cake\Controller\Controller->dispatchEvent('Controller.befo...')
#5 C:\wamp64\www\manos_barber\vendor\cakephp\cakephp\src\Error\ExceptionRenderer.php(369): Cake\Controller\Controller->render('missingControll...')
#6 C:\wamp64\www\manos_barber\vendor\cakephp\cakephp\src\Error\ExceptionRenderer.php(243): Cake\Error\ExceptionRenderer->_outputMessage('missingControll...')
#7 C:\wamp64\www\manos_barber\vendor\cakephp\cakephp\src\Error\Middleware\ErrorHandlerMiddleware.php(120): Cake\Error\ExceptionRenderer->render()
#8 C:\wamp64\www\manos_barber\vendor\cakephp\cakephp\src\Error\Middleware\ErrorHandlerMiddleware.php(102): Cake\Error\Middleware\ErrorHandlerMiddleware->handleException(Object(Cake\Routing\Exception\MissingControllerException), Object(Cake\Http\ServerRequest), Object(Cake\Http\Response))
#9 C:\wamp64\www\manos_barber\vendor\cakephp\cakephp\src\Http\Runner.php(65): Cake\Error\Middleware\ErrorHandlerMiddleware->__invoke(Object(Cake\Http\ServerRequest), Object(Cake\Http\Response), Object(Cake\Http\Runner))
#10 C:\wamp64\www\manos_barber\vendor\cakephp\debug_kit\src\Middleware\DebugKitMiddleware.php(53): Cake\Http\Runner->__invoke(Object(Cake\Http\ServerRequest), Object(Cake\Http\Response))
#11 C:\wamp64\www\manos_barber\vendor\cakephp\cakephp\src\Http\Runner.php(65): DebugKit\Middleware\DebugKitMiddleware->__invoke(Object(Cake\Http\ServerRequest), Object(Cake\Http\Response), Object(Cake\Http\Runner))
#12 C:\wamp64\www\manos_barber\vendor\cakephp\cakephp\src\Http\Runner.php(51): Cake\Http\Runner->__invoke(Object(Cake\Http\ServerRequest), Object(Cake\Http\Response))
#13 C:\wamp64\www\manos_barber\vendor\cakephp\cakephp\src\Http\Server.php(97): Cake\Http\Runner->run(Object(Cake\Http\MiddlewareQueue), Object(Cake\Http\ServerRequest), Object(Cake\Http\Response))
#14 C:\wamp64\www\manos_barber\webroot\index.php(40): Cake\Http\Server->run()
#15 {main}
Request URL: /css/base.css
Referer URL: http://localhost/manos_barber/users/profile


2022-11-08 18:19:45 Warning: Warning (512): Unable to emit headers. Headers sent in file=C:\wamp64\www\manos_barber\vendor\cakephp\cakephp\src\Error\Debugger.php line=855 in [C:\wamp64\www\manos_barber\vendor\cakephp\cakephp\src\Http\ResponseEmitter.php, line 53]
Request URL: /css/base.css
Referer URL: http://localhost/manos_barber/users/profile
Trace:
Cake\Error\BaseErrorHandler::handleError() - CORE\src\Error\BaseErrorHandler.php, line 168
Cake\Core\BasePlugin::{closure}() - ROOT\vendor\cakephp\debug_kit\config\bootstrap.php, line 43
Cake\Http\ResponseEmitter::emit() - CORE\src\Http\ResponseEmitter.php, line 53
Cake\Http\Server::emit() - CORE\src\Http\Server.php, line 140
[main] - ROOT\webroot\index.php, line 40



2022-11-08 18:19:45 Warning: Warning (2): Cannot modify header information - headers already sent by (output started at C:\wamp64\www\manos_barber\vendor\cakephp\cakephp\src\Error\Debugger.php:855) in [C:\wamp64\www\manos_barber\vendor\cakephp\cakephp\src\Http\ResponseEmitter.php, line 154]
Request URL: /css/base.css
Referer URL: http://localhost/manos_barber/users/profile
Trace:
Cake\Error\BaseErrorHandler::handleError() - CORE\src\Error\BaseErrorHandler.php, line 168
Cake\Core\BasePlugin::{closure}() - ROOT\vendor\cakephp\debug_kit\config\bootstrap.php, line 43
header - [internal], line ??
Cake\Http\ResponseEmitter::emitStatusLine() - CORE\src\Http\ResponseEmitter.php, line 154
Cake\Http\ResponseEmitter::emit() - CORE\src\Http\ResponseEmitter.php, line 59
Cake\Http\Server::emit() - CORE\src\Http\Server.php, line 140
[main] - ROOT\webroot\index.php, line 40



2022-11-08 18:19:45 Warning: Warning (2): Cannot modify header information - headers already sent by (output started at C:\wamp64\www\manos_barber\vendor\cakephp\cakephp\src\Error\Debugger.php:855) in [C:\wamp64\www\manos_barber\vendor\cakephp\cakephp\src\Http\ResponseEmitter.php, line 183]
Request URL: /css/base.css
Referer URL: http://localhost/manos_barber/users/profile
Trace:
Cake\Error\BaseErrorHandler::handleError() - CORE\src\Error\BaseErrorHandler.php, line 168
Cake\Core\BasePlugin::{closure}() - ROOT\vendor\cakephp\debug_kit\config\bootstrap.php, line 43
header - [internal], line ??
Cake\Http\ResponseEmitter::emitHeaders() - CORE\src\Http\ResponseEmitter.php, line 183
Cake\Http\ResponseEmitter::emit() - CORE\src\Http\ResponseEmitter.php, line 60
Cake\Http\Server::emit() - CORE\src\Http\Server.php, line 140
[main] - ROOT\webroot\index.php, line 40



2022-11-08 18:19:45 Warning: Warning (2): Cannot modify header information - headers already sent by (output started at C:\wamp64\www\manos_barber\vendor\cakephp\cakephp\src\Error\Debugger.php:855) in [C:\wamp64\www\manos_barber\vendor\cakephp\cakephp\src\Http\ResponseEmitter.php, line 183]
Request URL: /css/base.css
Referer URL: http://localhost/manos_barber/users/profile
Trace:
Cake\Error\BaseErrorHandler::handleError() - CORE\src\Error\BaseErrorHandler.php, line 168
Cake\Core\BasePlugin::{closure}() - ROOT\vendor\cakephp\debug_kit\config\bootstrap.php, line 43
header - [internal], line ??
Cake\Http\ResponseEmitter::emitHeaders() - CORE\src\Http\ResponseEmitter.php, line 183
Cake\Http\ResponseEmitter::emit() - CORE\src\Http\ResponseEmitter.php, line 60
Cake\Http\Server::emit() - CORE\src\Http\Server.php, line 140
[main] - ROOT\webroot\index.php, line 40



2022-11-08 18:22:34 Error: [Error] Class 'App\Controller\TypeRolesENUM' not found (C:\wamp64\www\manos_barber\src\Controller\UsersController.php:149)
#0 C:\wamp64\www\manos_barber\vendor\cakephp\cakephp\src\Controller\Controller.php(606): App\Controller\UsersController->register()
#1 C:\wamp64\www\manos_barber\vendor\cakephp\cakephp\src\Http\ActionDispatcher.php(120): Cake\Controller\Controller->invokeAction()
#2 C:\wamp64\www\manos_barber\vendor\cakephp\cakephp\src\Http\ActionDispatcher.php(94): Cake\Http\ActionDispatcher->_invoke(Object(App\Controller\UsersController))
#3 C:\wamp64\www\manos_barber\vendor\cakephp\cakephp\src\Http\BaseApplication.php(256): Cake\Http\ActionDispatcher->dispatch(Object(Cake\Http\ServerRequest), Object(Cake\Http\Response))
#4 C:\wamp64\www\manos_barber\vendor\cakephp\cakephp\src\Http\Runner.php(65): Cake\Http\BaseApplication->__invoke(Object(Cake\Http\ServerRequest), Object(Cake\Http\Response), Object(Cake\Http\Runner))
#5 C:\wamp64\www\manos_barber\vendor\cakephp\cakephp\src\Http\Runner.php(65): Cake\Http\Runner->__invoke(Object(Cake\Http\ServerRequest), Object(Cake\Http\Response), Object(Cake\Http\Runner))
#6 C:\wamp64\www\manos_barber\vendor\cakephp\cakephp\src\Http\Middleware\CsrfProtectionMiddleware.php(137): Cake\Http\Runner->__invoke(Object(Cake\Http\ServerRequest), Object(Cake\Http\Response))
#7 C:\wamp64\www\manos_barber\vendor\cakephp\cakephp\src\Http\Runner.php(65): Cake\Http\Middleware\CsrfProtectionMiddleware->__invoke(Object(Cake\Http\ServerRequest), Object(Cake\Http\Response), Object(Cake\Http\Runner))
#8 C:\wamp64\www\manos_barber\vendor\cakephp\cakephp\src\Http\Runner.php(51): Cake\Http\Runner->__invoke(Object(Cake\Http\ServerRequest), Object(Cake\Http\Response))
#9 C:\wamp64\www\manos_barber\vendor\cakephp\cakephp\src\Routing\Middleware\RoutingMiddleware.php(170): Cake\Http\Runner->run(Object(Cake\Http\MiddlewareQueue), Object(Cake\Http\ServerRequest), Object(Cake\Http\Response))
#10 C:\wamp64\www\manos_barber\vendor\cakephp\cakephp\src\Http\Runner.php(65): Cake\Routing\Middleware\RoutingMiddleware->__invoke(Object(Cake\Http\ServerRequest), Object(Cake\Http\Response), Object(Cake\Http\Runner))
#11 C:\wamp64\www\manos_barber\vendor\cakephp\cakephp\src\Routing\Middleware\AssetMiddleware.php(88): Cake\Http\Runner->__invoke(Object(Cake\Http\ServerRequest), Object(Cake\Http\Response))
#12 C:\wamp64\www\manos_barber\vendor\cakephp\cakephp\src\Http\Runner.php(65): Cake\Routing\Middleware\AssetMiddleware->__invoke(Object(Cake\Http\ServerRequest), Object(Cake\Http\Response), Object(Cake\Http\Runner))
#13 C:\wamp64\www\manos_barber\vendor\cakephp\cakephp\src\Error\Middleware\ErrorHandlerMiddleware.php(100): Cake\Http\Runner->__invoke(Object(Cake\Http\ServerRequest), Object(Cake\Http\Response))
#14 C:\wamp64\www\manos_barber\vendor\cakephp\cakephp\src\Http\Runner.php(65): Cake\Error\Middleware\ErrorHandlerMiddleware->__invoke(Object(Cake\Http\ServerRequest), Object(Cake\Http\Response), Object(Cake\Http\Runner))
#15 C:\wamp64\www\manos_barber\vendor\cakephp\debug_kit\src\Middleware\DebugKitMiddleware.php(53): Cake\Http\Runner->__invoke(Object(Cake\Http\ServerRequest), Object(Cake\Http\Response))
#16 C:\wamp64\www\manos_barber\vendor\cakephp\cakephp\src\Http\Runner.php(65): DebugKit\Middleware\DebugKitMiddleware->__invoke(Object(Cake\Http\ServerRequest), Object(Cake\Http\Response), Object(Cake\Http\Runner))
#17 C:\wamp64\www\manos_barber\vendor\cakephp\cakephp\src\Http\Runner.php(51): Cake\Http\Runner->__invoke(Object(Cake\Http\ServerRequest), Object(Cake\Http\Response))
#18 C:\wamp64\www\manos_barber\vendor\cakephp\cakephp\src\Http\Server.php(97): Cake\Http\Runner->run(Object(Cake\Http\MiddlewareQueue), Object(Cake\Http\ServerRequest), Object(Cake\Http\Response))
#19 C:\wamp64\www\manos_barber\webroot\index.php(40): Cake\Http\Server->run()
#20 {main}
Request URL: /users/register
Referer URL: http://localhost/manos_barber/users/register


2022-11-08 18:23:09 Error: [Error] Class 'App\Controller\TypeRolesENUM' not found (C:\wamp64\www\manos_barber\src\Controller\UsersController.php:150)
#0 C:\wamp64\www\manos_barber\vendor\cakephp\cakephp\src\Controller\Controller.php(606): App\Controller\UsersController->register()
#1 C:\wamp64\www\manos_barber\vendor\cakephp\cakephp\src\Http\ActionDispatcher.php(120): Cake\Controller\Controller->invokeAction()
#2 C:\wamp64\www\manos_barber\vendor\cakephp\cakephp\src\Http\ActionDispatcher.php(94): Cake\Http\ActionDispatcher->_invoke(Object(App\Controller\UsersController))
#3 C:\wamp64\www\manos_barber\vendor\cakephp\cakephp\src\Http\BaseApplication.php(256): Cake\Http\ActionDispatcher->dispatch(Object(Cake\Http\ServerRequest), Object(Cake\Http\Response))
#4 C:\wamp64\www\manos_barber\vendor\cakephp\cakephp\src\Http\Runner.php(65): Cake\Http\BaseApplication->__invoke(Object(Cake\Http\ServerRequest), Object(Cake\Http\Response), Object(Cake\Http\Runner))
#5 C:\wamp64\www\manos_barber\vendor\cakephp\cakephp\src\Http\Runner.php(65): Cake\Http\Runner->__invoke(Object(Cake\Http\ServerRequest), Object(Cake\Http\Response), Object(Cake\Http\Runner))
#6 C:\wamp64\www\manos_barber\vendor\cakephp\cakephp\src\Http\Middleware\CsrfProtectionMiddleware.php(137): Cake\Http\Runner->__invoke(Object(Cake\Http\ServerRequest), Object(Cake\Http\Response))
#7 C:\wamp64\www\manos_barber\vendor\cakephp\cakephp\src\Http\Runner.php(65): Cake\Http\Middleware\CsrfProtectionMiddleware->__invoke(Object(Cake\Http\ServerRequest), Object(Cake\Http\Response), Object(Cake\Http\Runner))
#8 C:\wamp64\www\manos_barber\vendor\cakephp\cakephp\src\Http\Runner.php(51): Cake\Http\Runner->__invoke(Object(Cake\Http\ServerRequest), Object(Cake\Http\Response))
#9 C:\wamp64\www\manos_barber\vendor\cakephp\cakephp\src\Routing\Middleware\RoutingMiddleware.php(170): Cake\Http\Runner->run(Object(Cake\Http\MiddlewareQueue), Object(Cake\Http\ServerRequest), Object(Cake\Http\Response))
#10 C:\wamp64\www\manos_barber\vendor\cakephp\cakephp\src\Http\Runner.php(65): Cake\Routing\Middleware\RoutingMiddleware->__invoke(Object(Cake\Http\ServerRequest), Object(Cake\Http\Response), Object(Cake\Http\Runner))
#11 C:\wamp64\www\manos_barber\vendor\cakephp\cakephp\src\Routing\Middleware\AssetMiddleware.php(88): Cake\Http\Runner->__invoke(Object(Cake\Http\ServerRequest), Object(Cake\Http\Response))
#12 C:\wamp64\www\manos_barber\vendor\cakephp\cakephp\src\Http\Runner.php(65): Cake\Routing\Middleware\AssetMiddleware->__invoke(Object(Cake\Http\ServerRequest), Object(Cake\Http\Response), Object(Cake\Http\Runner))
#13 C:\wamp64\www\manos_barber\vendor\cakephp\cakephp\src\Error\Middleware\ErrorHandlerMiddleware.php(100): Cake\Http\Runner->__invoke(Object(Cake\Http\ServerRequest), Object(Cake\Http\Response))
#14 C:\wamp64\www\manos_barber\vendor\cakephp\cakephp\src\Http\Runner.php(65): Cake\Error\Middleware\ErrorHandlerMiddleware->__invoke(Object(Cake\Http\ServerRequest), Object(Cake\Http\Response), Object(Cake\Http\Runner))
#15 C:\wamp64\www\manos_barber\vendor\cakephp\debug_kit\src\Middleware\DebugKitMiddleware.php(53): Cake\Http\Runner->__invoke(Object(Cake\Http\ServerRequest), Object(Cake\Http\Response))
#16 C:\wamp64\www\manos_barber\vendor\cakephp\cakephp\src\Http\Runner.php(65): DebugKit\Middleware\DebugKitMiddleware->__invoke(Object(Cake\Http\ServerRequest), Object(Cake\Http\Response), Object(Cake\Http\Runner))
#17 C:\wamp64\www\manos_barber\vendor\cakephp\cakephp\src\Http\Runner.php(51): Cake\Http\Runner->__invoke(Object(Cake\Http\ServerRequest), Object(Cake\Http\Response))
#18 C:\wamp64\www\manos_barber\vendor\cakephp\cakephp\src\Http\Server.php(97): Cake\Http\Runner->run(Object(Cake\Http\MiddlewareQueue), Object(Cake\Http\ServerRequest), Object(Cake\Http\Response))
#19 C:\wamp64\www\manos_barber\webroot\index.php(40): Cake\Http\Server->run()
#20 {main}
Request URL: /users/register
Referer URL: http://localhost/manos_barber/users/register


2022-11-08 18:23:26 Error: [Error] Class 'App\Controller\TypeRolesENUM' not found (C:\wamp64\www\manos_barber\src\Controller\UsersController.php:150)
#0 C:\wamp64\www\manos_barber\vendor\cakephp\cakephp\src\Controller\Controller.php(606): App\Controller\UsersController->register()
#1 C:\wamp64\www\manos_barber\vendor\cakephp\cakephp\src\Http\ActionDispatcher.php(120): Cake\Controller\Controller->invokeAction()
#2 C:\wamp64\www\manos_barber\vendor\cakephp\cakephp\src\Http\ActionDispatcher.php(94): Cake\Http\ActionDispatcher->_invoke(Object(App\Controller\UsersController))
#3 C:\wamp64\www\manos_barber\vendor\cakephp\cakephp\src\Http\BaseApplication.php(256): Cake\Http\ActionDispatcher->dispatch(Object(Cake\Http\ServerRequest), Object(Cake\Http\Response))
#4 C:\wamp64\www\manos_barber\vendor\cakephp\cakephp\src\Http\Runner.php(65): Cake\Http\BaseApplication->__invoke(Object(Cake\Http\ServerRequest), Object(Cake\Http\Response), Object(Cake\Http\Runner))
#5 C:\wamp64\www\manos_barber\vendor\cakephp\cakephp\src\Http\Runner.php(65): Cake\Http\Runner->__invoke(Object(Cake\Http\ServerRequest), Object(Cake\Http\Response), Object(Cake\Http\Runner))
#6 C:\wamp64\www\manos_barber\vendor\cakephp\cakephp\src\Http\Middleware\CsrfProtectionMiddleware.php(137): Cake\Http\Runner->__invoke(Object(Cake\Http\ServerRequest), Object(Cake\Http\Response))
#7 C:\wamp64\www\manos_barber\vendor\cakephp\cakephp\src\Http\Runner.php(65): Cake\Http\Middleware\CsrfProtectionMiddleware->__invoke(Object(Cake\Http\ServerRequest), Object(Cake\Http\Response), Object(Cake\Http\Runner))
#8 C:\wamp64\www\manos_barber\vendor\cakephp\cakephp\src\Http\Runner.php(51): Cake\Http\Runner->__invoke(Object(Cake\Http\ServerRequest), Object(Cake\Http\Response))
#9 C:\wamp64\www\manos_barber\vendor\cakephp\cakephp\src\Routing\Middleware\RoutingMiddleware.php(170): Cake\Http\Runner->run(Object(Cake\Http\MiddlewareQueue), Object(Cake\Http\ServerRequest), Object(Cake\Http\Response))
#10 C:\wamp64\www\manos_barber\vendor\cakephp\cakephp\src\Http\Runner.php(65): Cake\Routing\Middleware\RoutingMiddleware->__invoke(Object(Cake\Http\ServerRequest), Object(Cake\Http\Response), Object(Cake\Http\Runner))
#11 C:\wamp64\www\manos_barber\vendor\cakephp\cakephp\src\Routing\Middleware\AssetMiddleware.php(88): Cake\Http\Runner->__invoke(Object(Cake\Http\ServerRequest), Object(Cake\Http\Response))
#12 C:\wamp64\www\manos_barber\vendor\cakephp\cakephp\src\Http\Runner.php(65): Cake\Routing\Middleware\AssetMiddleware->__invoke(Object(Cake\Http\ServerRequest), Object(Cake\Http\Response), Object(Cake\Http\Runner))
#13 C:\wamp64\www\manos_barber\vendor\cakephp\cakephp\src\Error\Middleware\ErrorHandlerMiddleware.php(100): Cake\Http\Runner->__invoke(Object(Cake\Http\ServerRequest), Object(Cake\Http\Response))
#14 C:\wamp64\www\manos_barber\vendor\cakephp\cakephp\src\Http\Runner.php(65): Cake\Error\Middleware\ErrorHandlerMiddleware->__invoke(Object(Cake\Http\ServerRequest), Object(Cake\Http\Response), Object(Cake\Http\Runner))
#15 C:\wamp64\www\manos_barber\vendor\cakephp\debug_kit\src\Middleware\DebugKitMiddleware.php(53): Cake\Http\Runner->__invoke(Object(Cake\Http\ServerRequest), Object(Cake\Http\Response))
#16 C:\wamp64\www\manos_barber\vendor\cakephp\cakephp\src\Http\Runner.php(65): DebugKit\Middleware\DebugKitMiddleware->__invoke(Object(Cake\Http\ServerRequest), Object(Cake\Http\Response), Object(Cake\Http\Runner))
#17 C:\wamp64\www\manos_barber\vendor\cakephp\cakephp\src\Http\Runner.php(51): Cake\Http\Runner->__invoke(Object(Cake\Http\ServerRequest), Object(Cake\Http\Response))
#18 C:\wamp64\www\manos_barber\vendor\cakephp\cakephp\src\Http\Server.php(97): Cake\Http\Runner->run(Object(Cake\Http\MiddlewareQueue), Object(Cake\Http\ServerRequest), Object(Cake\Http\Response))
#19 C:\wamp64\www\manos_barber\webroot\index.php(40): Cake\Http\Server->run()
#20 {main}
Request URL: /users/register
Referer URL: http://localhost/manos_barber/users/register


2022-11-08 18:41:30 Error: [Error] Call to a member function user() on bool (C:\wamp64\www\manos_barber\src\Controller\AppController.php:94)
#0 C:\wamp64\www\manos_barber\src\Controller\ErrorController.php(56): App\Controller\AppController->beforeRender(Object(Cake\Event\Event))
#1 C:\wamp64\www\manos_barber\vendor\cakephp\cakephp\src\Event\EventManager.php(351): App\Controller\ErrorController->beforeRender(Object(Cake\Event\Event))
#2 C:\wamp64\www\manos_barber\vendor\cakephp\cakephp\src\Event\EventManager.php(328): Cake\Event\EventManager->_callListener(Array, Object(Cake\Event\Event))
#3 C:\wamp64\www\manos_barber\vendor\cakephp\cakephp\src\Event\EventDispatcherTrait.php(112): Cake\Event\EventManager->dispatch(Object(Cake\Event\Event))
#4 C:\wamp64\www\manos_barber\vendor\cakephp\cakephp\src\Controller\Controller.php(778): Cake\Controller\Controller->dispatchEvent('Controller.befo...')
#5 C:\wamp64\www\manos_barber\vendor\cakephp\cakephp\src\Error\ExceptionRenderer.php(369): Cake\Controller\Controller->render('missingControll...')
#6 C:\wamp64\www\manos_barber\vendor\cakephp\cakephp\src\Error\ExceptionRenderer.php(243): Cake\Error\ExceptionRenderer->_outputMessage('missingControll...')
#7 C:\wamp64\www\manos_barber\vendor\cakephp\cakephp\src\Error\Middleware\ErrorHandlerMiddleware.php(120): Cake\Error\ExceptionRenderer->render()
#8 C:\wamp64\www\manos_barber\vendor\cakephp\cakephp\src\Error\Middleware\ErrorHandlerMiddleware.php(102): Cake\Error\Middleware\ErrorHandlerMiddleware->handleException(Object(Cake\Routing\Exception\MissingControllerException), Object(Cake\Http\ServerRequest), Object(Cake\Http\Response))
#9 C:\wamp64\www\manos_barber\vendor\cakephp\cakephp\src\Http\Runner.php(65): Cake\Error\Middleware\ErrorHandlerMiddleware->__invoke(Object(Cake\Http\ServerRequest), Object(Cake\Http\Response), Object(Cake\Http\Runner))
#10 C:\wamp64\www\manos_barber\vendor\cakephp\debug_kit\src\Middleware\DebugKitMiddleware.php(53): Cake\Http\Runner->__invoke(Object(Cake\Http\ServerRequest), Object(Cake\Http\Response))
#11 C:\wamp64\www\manos_barber\vendor\cakephp\cakephp\src\Http\Runner.php(65): DebugKit\Middleware\DebugKitMiddleware->__invoke(Object(Cake\Http\ServerRequest), Object(Cake\Http\Response), Object(Cake\Http\Runner))
#12 C:\wamp64\www\manos_barber\vendor\cakephp\cakephp\src\Http\Runner.php(51): Cake\Http\Runner->__invoke(Object(Cake\Http\ServerRequest), Object(Cake\Http\Response))
#13 C:\wamp64\www\manos_barber\vendor\cakephp\cakephp\src\Http\Server.php(97): Cake\Http\Runner->run(Object(Cake\Http\MiddlewareQueue), Object(Cake\Http\ServerRequest), Object(Cake\Http\Response))
#14 C:\wamp64\www\manos_barber\webroot\index.php(40): Cake\Http\Server->run()
#15 {main}
Request URL: /css/base.css
Referer URL: http://localhost/manos_barber/users/profile


2022-11-08 18:41:30 Warning: Warning (512): Unable to emit headers. Headers sent in file=C:\wamp64\www\manos_barber\vendor\cakephp\cakephp\src\Error\Debugger.php line=855 in [C:\wamp64\www\manos_barber\vendor\cakephp\cakephp\src\Http\ResponseEmitter.php, line 53]
Request URL: /css/base.css
Referer URL: http://localhost/manos_barber/users/profile
Trace:
Cake\Error\BaseErrorHandler::handleError() - CORE\src\Error\BaseErrorHandler.php, line 168
Cake\Core\BasePlugin::{closure}() - ROOT\vendor\cakephp\debug_kit\config\bootstrap.php, line 43
Cake\Http\ResponseEmitter::emit() - CORE\src\Http\ResponseEmitter.php, line 53
Cake\Http\Server::emit() - CORE\src\Http\Server.php, line 140
[main] - ROOT\webroot\index.php, line 40



2022-11-08 18:41:30 Warning: Warning (2): Cannot modify header information - headers already sent by (output started at C:\wamp64\www\manos_barber\vendor\cakephp\cakephp\src\Error\Debugger.php:855) in [C:\wamp64\www\manos_barber\vendor\cakephp\cakephp\src\Http\ResponseEmitter.php, line 154]
Request URL: /css/base.css
Referer URL: http://localhost/manos_barber/users/profile
Trace:
Cake\Error\BaseErrorHandler::handleError() - CORE\src\Error\BaseErrorHandler.php, line 168
Cake\Core\BasePlugin::{closure}() - ROOT\vendor\cakephp\debug_kit\config\bootstrap.php, line 43
header - [internal], line ??
Cake\Http\ResponseEmitter::emitStatusLine() - CORE\src\Http\ResponseEmitter.php, line 154
Cake\Http\ResponseEmitter::emit() - CORE\src\Http\ResponseEmitter.php, line 59
Cake\Http\Server::emit() - CORE\src\Http\Server.php, line 140
[main] - ROOT\webroot\index.php, line 40



2022-11-08 18:41:30 Warning: Warning (2): Cannot modify header information - headers already sent by (output started at C:\wamp64\www\manos_barber\vendor\cakephp\cakephp\src\Error\Debugger.php:855) in [C:\wamp64\www\manos_barber\vendor\cakephp\cakephp\src\Http\ResponseEmitter.php, line 183]
Request URL: /css/base.css
Referer URL: http://localhost/manos_barber/users/profile
Trace:
Cake\Error\BaseErrorHandler::handleError() - CORE\src\Error\BaseErrorHandler.php, line 168
Cake\Core\BasePlugin::{closure}() - ROOT\vendor\cakephp\debug_kit\config\bootstrap.php, line 43
header - [internal], line ??
Cake\Http\ResponseEmitter::emitHeaders() - CORE\src\Http\ResponseEmitter.php, line 183
Cake\Http\ResponseEmitter::emit() - CORE\src\Http\ResponseEmitter.php, line 60
Cake\Http\Server::emit() - CORE\src\Http\Server.php, line 140
[main] - ROOT\webroot\index.php, line 40



2022-11-08 18:41:30 Warning: Warning (2): Cannot modify header information - headers already sent by (output started at C:\wamp64\www\manos_barber\vendor\cakephp\cakephp\src\Error\Debugger.php:855) in [C:\wamp64\www\manos_barber\vendor\cakephp\cakephp\src\Http\ResponseEmitter.php, line 183]
Request URL: /css/base.css
Referer URL: http://localhost/manos_barber/users/profile
Trace:
Cake\Error\BaseErrorHandler::handleError() - CORE\src\Error\BaseErrorHandler.php, line 168
Cake\Core\BasePlugin::{closure}() - ROOT\vendor\cakephp\debug_kit\config\bootstrap.php, line 43
header - [internal], line ??
Cake\Http\ResponseEmitter::emitHeaders() - CORE\src\Http\ResponseEmitter.php, line 183
Cake\Http\ResponseEmitter::emit() - CORE\src\Http\ResponseEmitter.php, line 60
Cake\Http\Server::emit() - CORE\src\Http\Server.php, line 140
[main] - ROOT\webroot\index.php, line 40



2022-11-08 18:45:33 Error: [Error] Call to a member function user() on bool (C:\wamp64\www\manos_barber\src\Controller\AppController.php:94)
#0 C:\wamp64\www\manos_barber\src\Controller\ErrorController.php(56): App\Controller\AppController->beforeRender(Object(Cake\Event\Event))
#1 C:\wamp64\www\manos_barber\vendor\cakephp\cakephp\src\Event\EventManager.php(351): App\Controller\ErrorController->beforeRender(Object(Cake\Event\Event))
#2 C:\wamp64\www\manos_barber\vendor\cakephp\cakephp\src\Event\EventManager.php(328): Cake\Event\EventManager->_callListener(Array, Object(Cake\Event\Event))
#3 C:\wamp64\www\manos_barber\vendor\cakephp\cakephp\src\Event\EventDispatcherTrait.php(112): Cake\Event\EventManager->dispatch(Object(Cake\Event\Event))
#4 C:\wamp64\www\manos_barber\vendor\cakephp\cakephp\src\Controller\Controller.php(778): Cake\Controller\Controller->dispatchEvent('Controller.befo...')
#5 C:\wamp64\www\manos_barber\vendor\cakephp\cakephp\src\Error\ExceptionRenderer.php(369): Cake\Controller\Controller->render('missingControll...')
#6 C:\wamp64\www\manos_barber\vendor\cakephp\cakephp\src\Error\ExceptionRenderer.php(243): Cake\Error\ExceptionRenderer->_outputMessage('missingControll...')
#7 C:\wamp64\www\manos_barber\vendor\cakephp\cakephp\src\Error\Middleware\ErrorHandlerMiddleware.php(120): Cake\Error\ExceptionRenderer->render()
#8 C:\wamp64\www\manos_barber\vendor\cakephp\cakephp\src\Error\Middleware\ErrorHandlerMiddleware.php(102): Cake\Error\Middleware\ErrorHandlerMiddleware->handleException(Object(Cake\Routing\Exception\MissingControllerException), Object(Cake\Http\ServerRequest), Object(Cake\Http\Response))
#9 C:\wamp64\www\manos_barber\vendor\cakephp\cakephp\src\Http\Runner.php(65): Cake\Error\Middleware\ErrorHandlerMiddleware->__invoke(Object(Cake\Http\ServerRequest), Object(Cake\Http\Response), Object(Cake\Http\Runner))
#10 C:\wamp64\www\manos_barber\vendor\cakephp\debug_kit\src\Middleware\DebugKitMiddleware.php(53): Cake\Http\Runner->__invoke(Object(Cake\Http\ServerRequest), Object(Cake\Http\Response))
#11 C:\wamp64\www\manos_barber\vendor\cakephp\cakephp\src\Http\Runner.php(65): DebugKit\Middleware\DebugKitMiddleware->__invoke(Object(Cake\Http\ServerRequest), Object(Cake\Http\Response), Object(Cake\Http\Runner))
#12 C:\wamp64\www\manos_barber\vendor\cakephp\cakephp\src\Http\Runner.php(51): Cake\Http\Runner->__invoke(Object(Cake\Http\ServerRequest), Object(Cake\Http\Response))
#13 C:\wamp64\www\manos_barber\vendor\cakephp\cakephp\src\Http\Server.php(97): Cake\Http\Runner->run(Object(Cake\Http\MiddlewareQueue), Object(Cake\Http\ServerRequest), Object(Cake\Http\Response))
#14 C:\wamp64\www\manos_barber\webroot\index.php(40): Cake\Http\Server->run()
#15 {main}
Request URL: /css/base.css
Referer URL: http://localhost/manos_barber/users/profile


2022-11-08 18:45:33 Warning: Warning (512): Unable to emit headers. Headers sent in file=C:\wamp64\www\manos_barber\vendor\cakephp\cakephp\src\Error\Debugger.php line=855 in [C:\wamp64\www\manos_barber\vendor\cakephp\cakephp\src\Http\ResponseEmitter.php, line 53]
Request URL: /css/base.css
Referer URL: http://localhost/manos_barber/users/profile
Trace:
Cake\Error\BaseErrorHandler::handleError() - CORE\src\Error\BaseErrorHandler.php, line 168
Cake\Core\BasePlugin::{closure}() - ROOT\vendor\cakephp\debug_kit\config\bootstrap.php, line 43
Cake\Http\ResponseEmitter::emit() - CORE\src\Http\ResponseEmitter.php, line 53
Cake\Http\Server::emit() - CORE\src\Http\Server.php, line 140
[main] - ROOT\webroot\index.php, line 40



2022-11-08 18:45:33 Warning: Warning (2): Cannot modify header information - headers already sent by (output started at C:\wamp64\www\manos_barber\vendor\cakephp\cakephp\src\Error\Debugger.php:855) in [C:\wamp64\www\manos_barber\vendor\cakephp\cakephp\src\Http\ResponseEmitter.php, line 154]
Request URL: /css/base.css
Referer URL: http://localhost/manos_barber/users/profile
Trace:
Cake\Error\BaseErrorHandler::handleError() - CORE\src\Error\BaseErrorHandler.php, line 168
Cake\Core\BasePlugin::{closure}() - ROOT\vendor\cakephp\debug_kit\config\bootstrap.php, line 43
header - [internal], line ??
Cake\Http\ResponseEmitter::emitStatusLine() - CORE\src\Http\ResponseEmitter.php, line 154
Cake\Http\ResponseEmitter::emit() - CORE\src\Http\ResponseEmitter.php, line 59
Cake\Http\Server::emit() - CORE\src\Http\Server.php, line 140
[main] - ROOT\webroot\index.php, line 40



2022-11-08 18:45:33 Warning: Warning (2): Cannot modify header information - headers already sent by (output started at C:\wamp64\www\manos_barber\vendor\cakephp\cakephp\src\Error\Debugger.php:855) in [C:\wamp64\www\manos_barber\vendor\cakephp\cakephp\src\Http\ResponseEmitter.php, line 183]
Request URL: /css/base.css
Referer URL: http://localhost/manos_barber/users/profile
Trace:
Cake\Error\BaseErrorHandler::handleError() - CORE\src\Error\BaseErrorHandler.php, line 168
Cake\Core\BasePlugin::{closure}() - ROOT\vendor\cakephp\debug_kit\config\bootstrap.php, line 43
header - [internal], line ??
Cake\Http\ResponseEmitter::emitHeaders() - CORE\src\Http\ResponseEmitter.php, line 183
Cake\Http\ResponseEmitter::emit() - CORE\src\Http\ResponseEmitter.php, line 60
Cake\Http\Server::emit() - CORE\src\Http\Server.php, line 140
[main] - ROOT\webroot\index.php, line 40



2022-11-08 18:45:33 Warning: Warning (2): Cannot modify header information - headers already sent by (output started at C:\wamp64\www\manos_barber\vendor\cakephp\cakephp\src\Error\Debugger.php:855) in [C:\wamp64\www\manos_barber\vendor\cakephp\cakephp\src\Http\ResponseEmitter.php, line 183]
Request URL: /css/base.css
Referer URL: http://localhost/manos_barber/users/profile
Trace:
Cake\Error\BaseErrorHandler::handleError() - CORE\src\Error\BaseErrorHandler.php, line 168
Cake\Core\BasePlugin::{closure}() - ROOT\vendor\cakephp\debug_kit\config\bootstrap.php, line 43
header - [internal], line ??
Cake\Http\ResponseEmitter::emitHeaders() - CORE\src\Http\ResponseEmitter.php, line 183
Cake\Http\ResponseEmitter::emit() - CORE\src\Http\ResponseEmitter.php, line 60
Cake\Http\Server::emit() - CORE\src\Http\Server.php, line 140
[main] - ROOT\webroot\index.php, line 40



2022-11-08 18:50:42 Error: [Error] Call to a member function user() on bool (C:\wamp64\www\manos_barber\src\Controller\AppController.php:94)
#0 C:\wamp64\www\manos_barber\src\Controller\ErrorController.php(56): App\Controller\AppController->beforeRender(Object(Cake\Event\Event))
#1 C:\wamp64\www\manos_barber\vendor\cakephp\cakephp\src\Event\EventManager.php(351): App\Controller\ErrorController->beforeRender(Object(Cake\Event\Event))
#2 C:\wamp64\www\manos_barber\vendor\cakephp\cakephp\src\Event\EventManager.php(328): Cake\Event\EventManager->_callListener(Array, Object(Cake\Event\Event))
#3 C:\wamp64\www\manos_barber\vendor\cakephp\cakephp\src\Event\EventDispatcherTrait.php(112): Cake\Event\EventManager->dispatch(Object(Cake\Event\Event))
#4 C:\wamp64\www\manos_barber\vendor\cakephp\cakephp\src\Controller\Controller.php(778): Cake\Controller\Controller->dispatchEvent('Controller.befo...')
#5 C:\wamp64\www\manos_barber\vendor\cakephp\cakephp\src\Error\ExceptionRenderer.php(369): Cake\Controller\Controller->render('missingAction')
#6 C:\wamp64\www\manos_barber\vendor\cakephp\cakephp\src\Error\ExceptionRenderer.php(243): Cake\Error\ExceptionRenderer->_outputMessage('missingAction')
#7 C:\wamp64\www\manos_barber\vendor\cakephp\cakephp\src\Error\Middleware\ErrorHandlerMiddleware.php(120): Cake\Error\ExceptionRenderer->render()
#8 C:\wamp64\www\manos_barber\vendor\cakephp\cakephp\src\Error\Middleware\ErrorHandlerMiddleware.php(102): Cake\Error\Middleware\ErrorHandlerMiddleware->handleException(Object(Cake\Controller\Exception\MissingActionException), Object(Cake\Http\ServerRequest), Object(Cake\Http\Response))
#9 C:\wamp64\www\manos_barber\vendor\cakephp\cakephp\src\Http\Runner.php(65): Cake\Error\Middleware\ErrorHandlerMiddleware->__invoke(Object(Cake\Http\ServerRequest), Object(Cake\Http\Response), Object(Cake\Http\Runner))
#10 C:\wamp64\www\manos_barber\vendor\cakephp\debug_kit\src\Middleware\DebugKitMiddleware.php(53): Cake\Http\Runner->__invoke(Object(Cake\Http\ServerRequest), Object(Cake\Http\Response))
#11 C:\wamp64\www\manos_barber\vendor\cakephp\cakephp\src\Http\Runner.php(65): DebugKit\Middleware\DebugKitMiddleware->__invoke(Object(Cake\Http\ServerRequest), Object(Cake\Http\Response), Object(Cake\Http\Runner))
#12 C:\wamp64\www\manos_barber\vendor\cakephp\cakephp\src\Http\Runner.php(51): Cake\Http\Runner->__invoke(Object(Cake\Http\ServerRequest), Object(Cake\Http\Response))
#13 C:\wamp64\www\manos_barber\vendor\cakephp\cakephp\src\Http\Server.php(97): Cake\Http\Runner->run(Object(Cake\Http\MiddlewareQueue), Object(Cake\Http\ServerRequest), Object(Cake\Http\Response))
#14 C:\wamp64\www\manos_barber\webroot\index.php(40): Cake\Http\Server->run()
#15 {main}
Request URL: /users/home
Referer URL: http://localhost/manos_barber/users/profile


2022-11-08 18:50:42 Warning: Warning (512): Unable to emit headers. Headers sent in file=C:\wamp64\www\manos_barber\vendor\cakephp\cakephp\src\Error\Debugger.php line=855 in [C:\wamp64\www\manos_barber\vendor\cakephp\cakephp\src\Http\ResponseEmitter.php, line 53]
Request URL: /users/home
Referer URL: http://localhost/manos_barber/users/profile
Trace:
Cake\Error\BaseErrorHandler::handleError() - CORE\src\Error\BaseErrorHandler.php, line 168
Cake\Core\BasePlugin::{closure}() - ROOT\vendor\cakephp\debug_kit\config\bootstrap.php, line 43
Cake\Http\ResponseEmitter::emit() - CORE\src\Http\ResponseEmitter.php, line 53
Cake\Http\Server::emit() - CORE\src\Http\Server.php, line 140
[main] - ROOT\webroot\index.php, line 40



2022-11-08 18:50:42 Warning: Warning (2): Cannot modify header information - headers already sent by (output started at C:\wamp64\www\manos_barber\vendor\cakephp\cakephp\src\Error\Debugger.php:855) in [C:\wamp64\www\manos_barber\vendor\cakephp\cakephp\src\Http\ResponseEmitter.php, line 154]
Request URL: /users/home
Referer URL: http://localhost/manos_barber/users/profile
Trace:
Cake\Error\BaseErrorHandler::handleError() - CORE\src\Error\BaseErrorHandler.php, line 168
Cake\Core\BasePlugin::{closure}() - ROOT\vendor\cakephp\debug_kit\config\bootstrap.php, line 43
header - [internal], line ??
Cake\Http\ResponseEmitter::emitStatusLine() - CORE\src\Http\ResponseEmitter.php, line 154
Cake\Http\ResponseEmitter::emit() - CORE\src\Http\ResponseEmitter.php, line 59
Cake\Http\Server::emit() - CORE\src\Http\Server.php, line 140
[main] - ROOT\webroot\index.php, line 40



2022-11-08 18:50:42 Warning: Warning (2): Cannot modify header information - headers already sent by (output started at C:\wamp64\www\manos_barber\vendor\cakephp\cakephp\src\Error\Debugger.php:855) in [C:\wamp64\www\manos_barber\vendor\cakephp\cakephp\src\Http\ResponseEmitter.php, line 183]
Request URL: /users/home
Referer URL: http://localhost/manos_barber/users/profile
Trace:
Cake\Error\BaseErrorHandler::handleError() - CORE\src\Error\BaseErrorHandler.php, line 168
Cake\Core\BasePlugin::{closure}() - ROOT\vendor\cakephp\debug_kit\config\bootstrap.php, line 43
header - [internal], line ??
Cake\Http\ResponseEmitter::emitHeaders() - CORE\src\Http\ResponseEmitter.php, line 183
Cake\Http\ResponseEmitter::emit() - CORE\src\Http\ResponseEmitter.php, line 60
Cake\Http\Server::emit() - CORE\src\Http\Server.php, line 140
[main] - ROOT\webroot\index.php, line 40



2022-11-08 18:50:42 Warning: Warning (2): Cannot modify header information - headers already sent by (output started at C:\wamp64\www\manos_barber\vendor\cakephp\cakephp\src\Error\Debugger.php:855) in [C:\wamp64\www\manos_barber\vendor\cakephp\cakephp\src\Http\ResponseEmitter.php, line 183]
Request URL: /users/home
Referer URL: http://localhost/manos_barber/users/profile
Trace:
Cake\Error\BaseErrorHandler::handleError() - CORE\src\Error\BaseErrorHandler.php, line 168
Cake\Core\BasePlugin::{closure}() - ROOT\vendor\cakephp\debug_kit\config\bootstrap.php, line 43
header - [internal], line ??
Cake\Http\ResponseEmitter::emitHeaders() - CORE\src\Http\ResponseEmitter.php, line 183
Cake\Http\ResponseEmitter::emit() - CORE\src\Http\ResponseEmitter.php, line 60
Cake\Http\Server::emit() - CORE\src\Http\Server.php, line 140
[main] - ROOT\webroot\index.php, line 40



2022-11-08 19:08:24 Error: [Error] Call to a member function user() on bool (C:\wamp64\www\manos_barber\src\Controller\AppController.php:94)
#0 C:\wamp64\www\manos_barber\src\Controller\ErrorController.php(56): App\Controller\AppController->beforeRender(Object(Cake\Event\Event))
#1 C:\wamp64\www\manos_barber\vendor\cakephp\cakephp\src\Event\EventManager.php(351): App\Controller\ErrorController->beforeRender(Object(Cake\Event\Event))
#2 C:\wamp64\www\manos_barber\vendor\cakephp\cakephp\src\Event\EventManager.php(328): Cake\Event\EventManager->_callListener(Array, Object(Cake\Event\Event))
#3 C:\wamp64\www\manos_barber\vendor\cakephp\cakephp\src\Event\EventDispatcherTrait.php(112): Cake\Event\EventManager->dispatch(Object(Cake\Event\Event))
#4 C:\wamp64\www\manos_barber\vendor\cakephp\cakephp\src\Controller\Controller.php(778): Cake\Controller\Controller->dispatchEvent('Controller.befo...')
#5 C:\wamp64\www\manos_barber\vendor\cakephp\cakephp\src\Error\ExceptionRenderer.php(369): Cake\Controller\Controller->render('missingAction')
#6 C:\wamp64\www\manos_barber\vendor\cakephp\cakephp\src\Error\ExceptionRenderer.php(243): Cake\Error\ExceptionRenderer->_outputMessage('missingAction')
#7 C:\wamp64\www\manos_barber\vendor\cakephp\cakephp\src\Error\Middleware\ErrorHandlerMiddleware.php(120): Cake\Error\ExceptionRenderer->render()
#8 C:\wamp64\www\manos_barber\vendor\cakephp\cakephp\src\Error\Middleware\ErrorHandlerMiddleware.php(102): Cake\Error\Middleware\ErrorHandlerMiddleware->handleException(Object(Cake\Controller\Exception\MissingActionException), Object(Cake\Http\ServerRequest), Object(Cake\Http\Response))
#9 C:\wamp64\www\manos_barber\vendor\cakephp\cakephp\src\Http\Runner.php(65): Cake\Error\Middleware\ErrorHandlerMiddleware->__invoke(Object(Cake\Http\ServerRequest), Object(Cake\Http\Response), Object(Cake\Http\Runner))
#10 C:\wamp64\www\manos_barber\vendor\cakephp\debug_kit\src\Middleware\DebugKitMiddleware.php(53): Cake\Http\Runner->__invoke(Object(Cake\Http\ServerRequest), Object(Cake\Http\Response))
#11 C:\wamp64\www\manos_barber\vendor\cakephp\cakephp\src\Http\Runner.php(65): DebugKit\Middleware\DebugKitMiddleware->__invoke(Object(Cake\Http\ServerRequest), Object(Cake\Http\Response), Object(Cake\Http\Runner))
#12 C:\wamp64\www\manos_barber\vendor\cakephp\cakephp\src\Http\Runner.php(51): Cake\Http\Runner->__invoke(Object(Cake\Http\ServerRequest), Object(Cake\Http\Response))
#13 C:\wamp64\www\manos_barber\vendor\cakephp\cakephp\src\Http\Server.php(97): Cake\Http\Runner->run(Object(Cake\Http\MiddlewareQueue), Object(Cake\Http\ServerRequest), Object(Cake\Http\Response))
#14 C:\wamp64\www\manos_barber\webroot\index.php(40): Cake\Http\Server->run()
#15 {main}
Request URL: /users/dashboard
Referer URL: http://localhost/manos_barber/types-of-services


2022-11-08 19:08:24 Warning: Warning (512): Unable to emit headers. Headers sent in file=C:\wamp64\www\manos_barber\vendor\cakephp\cakephp\src\Error\Debugger.php line=855 in [C:\wamp64\www\manos_barber\vendor\cakephp\cakephp\src\Http\ResponseEmitter.php, line 53]
Request URL: /users/dashboard
Referer URL: http://localhost/manos_barber/types-of-services
Trace:
Cake\Error\BaseErrorHandler::handleError() - CORE\src\Error\BaseErrorHandler.php, line 168
Cake\Core\BasePlugin::{closure}() - ROOT\vendor\cakephp\debug_kit\config\bootstrap.php, line 43
Cake\Http\ResponseEmitter::emit() - CORE\src\Http\ResponseEmitter.php, line 53
Cake\Http\Server::emit() - CORE\src\Http\Server.php, line 140
[main] - ROOT\webroot\index.php, line 40



2022-11-08 19:08:24 Warning: Warning (2): Cannot modify header information - headers already sent by (output started at C:\wamp64\www\manos_barber\vendor\cakephp\cakephp\src\Error\Debugger.php:855) in [C:\wamp64\www\manos_barber\vendor\cakephp\cakephp\src\Http\ResponseEmitter.php, line 154]
Request URL: /users/dashboard
Referer URL: http://localhost/manos_barber/types-of-services
Trace:
Cake\Error\BaseErrorHandler::handleError() - CORE\src\Error\BaseErrorHandler.php, line 168
Cake\Core\BasePlugin::{closure}() - ROOT\vendor\cakephp\debug_kit\config\bootstrap.php, line 43
header - [internal], line ??
Cake\Http\ResponseEmitter::emitStatusLine() - CORE\src\Http\ResponseEmitter.php, line 154
Cake\Http\ResponseEmitter::emit() - CORE\src\Http\ResponseEmitter.php, line 59
Cake\Http\Server::emit() - CORE\src\Http\Server.php, line 140
[main] - ROOT\webroot\index.php, line 40



2022-11-08 19:08:24 Warning: Warning (2): Cannot modify header information - headers already sent by (output started at C:\wamp64\www\manos_barber\vendor\cakephp\cakephp\src\Error\Debugger.php:855) in [C:\wamp64\www\manos_barber\vendor\cakephp\cakephp\src\Http\ResponseEmitter.php, line 183]
Request URL: /users/dashboard
Referer URL: http://localhost/manos_barber/types-of-services
Trace:
Cake\Error\BaseErrorHandler::handleError() - CORE\src\Error\BaseErrorHandler.php, line 168
Cake\Core\BasePlugin::{closure}() - ROOT\vendor\cakephp\debug_kit\config\bootstrap.php, line 43
header - [internal], line ??
Cake\Http\ResponseEmitter::emitHeaders() - CORE\src\Http\ResponseEmitter.php, line 183
Cake\Http\ResponseEmitter::emit() - CORE\src\Http\ResponseEmitter.php, line 60
Cake\Http\Server::emit() - CORE\src\Http\Server.php, line 140
[main] - ROOT\webroot\index.php, line 40



2022-11-08 19:08:24 Warning: Warning (2): Cannot modify header information - headers already sent by (output started at C:\wamp64\www\manos_barber\vendor\cakephp\cakephp\src\Error\Debugger.php:855) in [C:\wamp64\www\manos_barber\vendor\cakephp\cakephp\src\Http\ResponseEmitter.php, line 183]
Request URL: /users/dashboard
Referer URL: http://localhost/manos_barber/types-of-services
Trace:
Cake\Error\BaseErrorHandler::handleError() - CORE\src\Error\BaseErrorHandler.php, line 168
Cake\Core\BasePlugin::{closure}() - ROOT\vendor\cakephp\debug_kit\config\bootstrap.php, line 43
header - [internal], line ??
Cake\Http\ResponseEmitter::emitHeaders() - CORE\src\Http\ResponseEmitter.php, line 183
Cake\Http\ResponseEmitter::emit() - CORE\src\Http\ResponseEmitter.php, line 60
Cake\Http\Server::emit() - CORE\src\Http\Server.php, line 140
[main] - ROOT\webroot\index.php, line 40



2022-11-08 19:08:37 Error: [Error] Call to a member function user() on bool (C:\wamp64\www\manos_barber\src\Controller\AppController.php:94)
#0 C:\wamp64\www\manos_barber\src\Controller\ErrorController.php(56): App\Controller\AppController->beforeRender(Object(Cake\Event\Event))
#1 C:\wamp64\www\manos_barber\vendor\cakephp\cakephp\src\Event\EventManager.php(351): App\Controller\ErrorController->beforeRender(Object(Cake\Event\Event))
#2 C:\wamp64\www\manos_barber\vendor\cakephp\cakephp\src\Event\EventManager.php(328): Cake\Event\EventManager->_callListener(Array, Object(Cake\Event\Event))
#3 C:\wamp64\www\manos_barber\vendor\cakephp\cakephp\src\Event\EventDispatcherTrait.php(112): Cake\Event\EventManager->dispatch(Object(Cake\Event\Event))
#4 C:\wamp64\www\manos_barber\vendor\cakephp\cakephp\src\Controller\Controller.php(778): Cake\Controller\Controller->dispatchEvent('Controller.befo...')
#5 C:\wamp64\www\manos_barber\vendor\cakephp\cakephp\src\Error\ExceptionRenderer.php(369): Cake\Controller\Controller->render('missingTemplate')
#6 C:\wamp64\www\manos_barber\vendor\cakephp\cakephp\src\Error\ExceptionRenderer.php(243): Cake\Error\ExceptionRenderer->_outputMessage('missingTemplate')
#7 C:\wamp64\www\manos_barber\vendor\cakephp\cakephp\src\Error\Middleware\ErrorHandlerMiddleware.php(120): Cake\Error\ExceptionRenderer->render()
#8 C:\wamp64\www\manos_barber\vendor\cakephp\cakephp\src\Error\Middleware\ErrorHandlerMiddleware.php(102): Cake\Error\Middleware\ErrorHandlerMiddleware->handleException(Object(Cake\View\Exception\MissingTemplateException), Object(Cake\Http\ServerRequest), Object(Cake\Http\Response))
#9 C:\wamp64\www\manos_barber\vendor\cakephp\cakephp\src\Http\Runner.php(65): Cake\Error\Middleware\ErrorHandlerMiddleware->__invoke(Object(Cake\Http\ServerRequest), Object(Cake\Http\Response), Object(Cake\Http\Runner))
#10 C:\wamp64\www\manos_barber\vendor\cakephp\debug_kit\src\Middleware\DebugKitMiddleware.php(53): Cake\Http\Runner->__invoke(Object(Cake\Http\ServerRequest), Object(Cake\Http\Response))
#11 C:\wamp64\www\manos_barber\vendor\cakephp\cakephp\src\Http\Runner.php(65): DebugKit\Middleware\DebugKitMiddleware->__invoke(Object(Cake\Http\ServerRequest), Object(Cake\Http\Response), Object(Cake\Http\Runner))
#12 C:\wamp64\www\manos_barber\vendor\cakephp\cakephp\src\Http\Runner.php(51): Cake\Http\Runner->__invoke(Object(Cake\Http\ServerRequest), Object(Cake\Http\Response))
#13 C:\wamp64\www\manos_barber\vendor\cakephp\cakephp\src\Http\Server.php(97): Cake\Http\Runner->run(Object(Cake\Http\MiddlewareQueue), Object(Cake\Http\ServerRequest), Object(Cake\Http\Response))
#14 C:\wamp64\www\manos_barber\webroot\index.php(40): Cake\Http\Server->run()
#15 {main}
Request URL: /users/dashboard
Referer URL: http://localhost/manos_barber/types-of-services


2022-11-08 19:08:37 Warning: Warning (512): Unable to emit headers. Headers sent in file=C:\wamp64\www\manos_barber\vendor\cakephp\cakephp\src\Error\Debugger.php line=855 in [C:\wamp64\www\manos_barber\vendor\cakephp\cakephp\src\Http\ResponseEmitter.php, line 53]
Request URL: /users/dashboard
Referer URL: http://localhost/manos_barber/types-of-services
Trace:
Cake\Error\BaseErrorHandler::handleError() - CORE\src\Error\BaseErrorHandler.php, line 168
Cake\Core\BasePlugin::{closure}() - ROOT\vendor\cakephp\debug_kit\config\bootstrap.php, line 43
Cake\Http\ResponseEmitter::emit() - CORE\src\Http\ResponseEmitter.php, line 53
Cake\Http\Server::emit() - CORE\src\Http\Server.php, line 140
[main] - ROOT\webroot\index.php, line 40



2022-11-08 19:08:37 Warning: Warning (2): Cannot modify header information - headers already sent by (output started at C:\wamp64\www\manos_barber\vendor\cakephp\cakephp\src\Error\Debugger.php:855) in [C:\wamp64\www\manos_barber\vendor\cakephp\cakephp\src\Http\ResponseEmitter.php, line 154]
Request URL: /users/dashboard
Referer URL: http://localhost/manos_barber/types-of-services
Trace:
Cake\Error\BaseErrorHandler::handleError() - CORE\src\Error\BaseErrorHandler.php, line 168
Cake\Core\BasePlugin::{closure}() - ROOT\vendor\cakephp\debug_kit\config\bootstrap.php, line 43
header - [internal], line ??
Cake\Http\ResponseEmitter::emitStatusLine() - CORE\src\Http\ResponseEmitter.php, line 154
Cake\Http\ResponseEmitter::emit() - CORE\src\Http\ResponseEmitter.php, line 59
Cake\Http\Server::emit() - CORE\src\Http\Server.php, line 140
[main] - ROOT\webroot\index.php, line 40



2022-11-08 19:08:37 Warning: Warning (2): Cannot modify header information - headers already sent by (output started at C:\wamp64\www\manos_barber\vendor\cakephp\cakephp\src\Error\Debugger.php:855) in [C:\wamp64\www\manos_barber\vendor\cakephp\cakephp\src\Http\ResponseEmitter.php, line 183]
Request URL: /users/dashboard
Referer URL: http://localhost/manos_barber/types-of-services
Trace:
Cake\Error\BaseErrorHandler::handleError() - CORE\src\Error\BaseErrorHandler.php, line 168
Cake\Core\BasePlugin::{closure}() - ROOT\vendor\cakephp\debug_kit\config\bootstrap.php, line 43
header - [internal], line ??
Cake\Http\ResponseEmitter::emitHeaders() - CORE\src\Http\ResponseEmitter.php, line 183
Cake\Http\ResponseEmitter::emit() - CORE\src\Http\ResponseEmitter.php, line 60
Cake\Http\Server::emit() - CORE\src\Http\Server.php, line 140
[main] - ROOT\webroot\index.php, line 40



2022-11-08 19:08:37 Warning: Warning (2): Cannot modify header information - headers already sent by (output started at C:\wamp64\www\manos_barber\vendor\cakephp\cakephp\src\Error\Debugger.php:855) in [C:\wamp64\www\manos_barber\vendor\cakephp\cakephp\src\Http\ResponseEmitter.php, line 183]
Request URL: /users/dashboard
Referer URL: http://localhost/manos_barber/types-of-services
Trace:
Cake\Error\BaseErrorHandler::handleError() - CORE\src\Error\BaseErrorHandler.php, line 168
Cake\Core\BasePlugin::{closure}() - ROOT\vendor\cakephp\debug_kit\config\bootstrap.php, line 43
header - [internal], line ??
Cake\Http\ResponseEmitter::emitHeaders() - CORE\src\Http\ResponseEmitter.php, line 183
Cake\Http\ResponseEmitter::emit() - CORE\src\Http\ResponseEmitter.php, line 60
Cake\Http\Server::emit() - CORE\src\Http\Server.php, line 140
[main] - ROOT\webroot\index.php, line 40



2022-11-08 20:06:01 Error: [Error] Call to a member function user() on bool (C:\wamp64\www\manos_barber\src\Controller\AppController.php:94)
#0 C:\wamp64\www\manos_barber\src\Controller\ErrorController.php(56): App\Controller\AppController->beforeRender(Object(Cake\Event\Event))
#1 C:\wamp64\www\manos_barber\vendor\cakephp\cakephp\src\Event\EventManager.php(351): App\Controller\ErrorController->beforeRender(Object(Cake\Event\Event))
#2 C:\wamp64\www\manos_barber\vendor\cakephp\cakephp\src\Event\EventManager.php(328): Cake\Event\EventManager->_callListener(Array, Object(Cake\Event\Event))
#3 C:\wamp64\www\manos_barber\vendor\cakephp\cakephp\src\Event\EventDispatcherTrait.php(112): Cake\Event\EventManager->dispatch(Object(Cake\Event\Event))
#4 C:\wamp64\www\manos_barber\vendor\cakephp\cakephp\src\Controller\Controller.php(778): Cake\Controller\Controller->dispatchEvent('Controller.befo...')
#5 C:\wamp64\www\manos_barber\vendor\cakephp\cakephp\src\Error\ExceptionRenderer.php(369): Cake\Controller\Controller->render('missingElement')
#6 C:\wamp64\www\manos_barber\vendor\cakephp\cakephp\src\Error\ExceptionRenderer.php(243): Cake\Error\ExceptionRenderer->_outputMessage('missingElement')
#7 C:\wamp64\www\manos_barber\vendor\cakephp\cakephp\src\Error\Middleware\ErrorHandlerMiddleware.php(120): Cake\Error\ExceptionRenderer->render()
#8 C:\wamp64\www\manos_barber\vendor\cakephp\cakephp\src\Error\Middleware\ErrorHandlerMiddleware.php(102): Cake\Error\Middleware\ErrorHandlerMiddleware->handleException(Object(Cake\View\Exception\MissingElementException), Object(Cake\Http\ServerRequest), Object(Cake\Http\Response))
#9 C:\wamp64\www\manos_barber\vendor\cakephp\cakephp\src\Http\Runner.php(65): Cake\Error\Middleware\ErrorHandlerMiddleware->__invoke(Object(Cake\Http\ServerRequest), Object(Cake\Http\Response), Object(Cake\Http\Runner))
#10 C:\wamp64\www\manos_barber\vendor\cakephp\debug_kit\src\Middleware\DebugKitMiddleware.php(53): Cake\Http\Runner->__invoke(Object(Cake\Http\ServerRequest), Object(Cake\Http\Response))
#11 C:\wamp64\www\manos_barber\vendor\cakephp\cakephp\src\Http\Runner.php(65): DebugKit\Middleware\DebugKitMiddleware->__invoke(Object(Cake\Http\ServerRequest), Object(Cake\Http\Response), Object(Cake\Http\Runner))
#12 C:\wamp64\www\manos_barber\vendor\cakephp\cakephp\src\Http\Runner.php(51): Cake\Http\Runner->__invoke(Object(Cake\Http\ServerRequest), Object(Cake\Http\Response))
#13 C:\wamp64\www\manos_barber\vendor\cakephp\cakephp\src\Http\Server.php(97): Cake\Http\Runner->run(Object(Cake\Http\MiddlewareQueue), Object(Cake\Http\ServerRequest), Object(Cake\Http\Response))
#14 C:\wamp64\www\manos_barber\webroot\index.php(40): Cake\Http\Server->run()
#15 {main}
Request URL: /controllers
Referer URL: http://localhost/manos_barber/users


2022-11-08 20:06:01 Warning: Warning (512): Unable to emit headers. Headers sent in file=C:\wamp64\www\manos_barber\vendor\cakephp\cakephp\src\Error\Debugger.php line=855 in [C:\wamp64\www\manos_barber\vendor\cakephp\cakephp\src\Http\ResponseEmitter.php, line 53]
Request URL: /controllers
Referer URL: http://localhost/manos_barber/users
Trace:
Cake\Error\BaseErrorHandler::handleError() - CORE\src\Error\BaseErrorHandler.php, line 168
Cake\Core\BasePlugin::{closure}() - ROOT\vendor\cakephp\debug_kit\config\bootstrap.php, line 43
Cake\Http\ResponseEmitter::emit() - CORE\src\Http\ResponseEmitter.php, line 53
Cake\Http\Server::emit() - CORE\src\Http\Server.php, line 140
[main] - ROOT\webroot\index.php, line 40



2022-11-08 20:06:01 Warning: Warning (2): Cannot modify header information - headers already sent by (output started at C:\wamp64\www\manos_barber\vendor\cakephp\cakephp\src\Error\Debugger.php:855) in [C:\wamp64\www\manos_barber\vendor\cakephp\cakephp\src\Http\ResponseEmitter.php, line 154]
Request URL: /controllers
Referer URL: http://localhost/manos_barber/users
Trace:
Cake\Error\BaseErrorHandler::handleError() - CORE\src\Error\BaseErrorHandler.php, line 168
Cake\Core\BasePlugin::{closure}() - ROOT\vendor\cakephp\debug_kit\config\bootstrap.php, line 43
header - [internal], line ??
Cake\Http\ResponseEmitter::emitStatusLine() - CORE\src\Http\ResponseEmitter.php, line 154
Cake\Http\ResponseEmitter::emit() - CORE\src\Http\ResponseEmitter.php, line 59
Cake\Http\Server::emit() - CORE\src\Http\Server.php, line 140
[main] - ROOT\webroot\index.php, line 40



2022-11-08 20:06:01 Warning: Warning (2): Cannot modify header information - headers already sent by (output started at C:\wamp64\www\manos_barber\vendor\cakephp\cakephp\src\Error\Debugger.php:855) in [C:\wamp64\www\manos_barber\vendor\cakephp\cakephp\src\Http\ResponseEmitter.php, line 183]
Request URL: /controllers
Referer URL: http://localhost/manos_barber/users
Trace:
Cake\Error\BaseErrorHandler::handleError() - CORE\src\Error\BaseErrorHandler.php, line 168
Cake\Core\BasePlugin::{closure}() - ROOT\vendor\cakephp\debug_kit\config\bootstrap.php, line 43
header - [internal], line ??
Cake\Http\ResponseEmitter::emitHeaders() - CORE\src\Http\ResponseEmitter.php, line 183
Cake\Http\ResponseEmitter::emit() - CORE\src\Http\ResponseEmitter.php, line 60
Cake\Http\Server::emit() - CORE\src\Http\Server.php, line 140
[main] - ROOT\webroot\index.php, line 40



2022-11-08 20:06:01 Warning: Warning (2): Cannot modify header information - headers already sent by (output started at C:\wamp64\www\manos_barber\vendor\cakephp\cakephp\src\Error\Debugger.php:855) in [C:\wamp64\www\manos_barber\vendor\cakephp\cakephp\src\Http\ResponseEmitter.php, line 183]
Request URL: /controllers
Referer URL: http://localhost/manos_barber/users
Trace:
Cake\Error\BaseErrorHandler::handleError() - CORE\src\Error\BaseErrorHandler.php, line 168
Cake\Core\BasePlugin::{closure}() - ROOT\vendor\cakephp\debug_kit\config\bootstrap.php, line 43
header - [internal], line ??
Cake\Http\ResponseEmitter::emitHeaders() - CORE\src\Http\ResponseEmitter.php, line 183
Cake\Http\ResponseEmitter::emit() - CORE\src\Http\ResponseEmitter.php, line 60
Cake\Http\Server::emit() - CORE\src\Http\Server.php, line 140
[main] - ROOT\webroot\index.php, line 40



